2020-09-01 18:47:59.688  INFO 11176 --- [main] c.a.n.c.c.impl.LocalConfigInfoProcessor  : LOCAL_SNAPSHOT_PATH:C:\Users\Administrator\nacos\config
2020-09-01 18:47:59.717  INFO 11176 --- [main] c.a.nacos.client.config.impl.Limiter     : limitTime:5.0
2020-09-01 18:47:59.747  INFO 11176 --- [main] c.a.nacos.client.config.utils.JVMUtil    : isMultiInstance:false
2020-09-01 18:47:59.762  WARN 11176 --- [main] c.a.c.n.c.NacosPropertySourceBuilder     : Ignore the empty nacos configuration and get it based on dataId[hdp-manpower] & group[DEFAULT_GROUP]
2020-09-01 18:47:59.766  WARN 11176 --- [main] c.a.c.n.c.NacosPropertySourceBuilder     : Ignore the empty nacos configuration and get it based on dataId[hdp-manpower.yml] & group[DEFAULT_GROUP]
2020-09-01 18:47:59.770  WARN 11176 --- [main] c.a.c.n.c.NacosPropertySourceBuilder     : Ignore the empty nacos configuration and get it based on dataId[hdp-manpower-dev.yml] & group[DEFAULT_GROUP]
2020-09-01 18:47:59.771  INFO 11176 --- [main] b.c.PropertySourceBootstrapConfiguration : Located property source: [BootstrapPropertySource {name='bootstrapProperties-hdp-manpower-dev.yml,DEFAULT_GROUP'}, BootstrapPropertySource {name='bootstrapProperties-hdp-manpower.yml,DEFAULT_GROUP'}, BootstrapPropertySource {name='bootstrapProperties-hdp-manpower,DEFAULT_GROUP'}, BootstrapPropertySource {name='bootstrapProperties-application-dev.yml,DEFAULT_GROUP'}]
2020-09-01 18:47:59.816  INFO 11176 --- [main] EnableEncryptablePropertiesConfiguration : Bootstraping jasypt-string-boot auto configuration in context: hdp-manpower-1
2020-09-01 18:47:59.816  INFO 11176 --- [main] n.h.h.h.HdpManpowerApplication           : The following profiles are active: dev
2020-09-01 18:48:01.165  INFO 11176 --- [main] o.s.c.annotation.AutoProxyRegistrar      : AutoProxyRegistrar was imported but no annotations were found having both 'mode' and 'proxyTargetClass' attributes of type AdviceMode and boolean respectively. This means that auto proxy creator registration and configuration may not have occurred as intended, and components may not be proxied as expected. Check to ensure that AutoProxyRegistrar has been @Import'ed on the same class where these annotations are declared; otherwise remove the import of AutoProxyRegistrar altogether.
2020-09-01 18:48:01.552  INFO 11176 --- [main] .s.d.r.c.RepositoryConfigurationDelegate : Multiple Spring Data modules found, entering strict repository configuration mode!
2020-09-01 18:48:01.603  INFO 11176 --- [main] .s.d.r.c.RepositoryConfigurationDelegate : Bootstrapping Spring Data Redis repositories in DEFAULT mode.
2020-09-01 18:48:01.625  INFO 11176 --- [main] .s.d.r.c.RepositoryConfigurationDelegate : Finished Spring Data repository scanning in 9ms. Found 0 Redis repository interfaces.
2020-09-01 18:48:01.698  WARN 11176 --- [main] o.s.boot.actuate.endpoint.EndpointId     : Endpoint ID 'service-registry' contains invalid characters, please migrate to a valid format.
2020-09-01 18:48:01.846  INFO 11176 --- [main] o.s.cloud.context.scope.GenericScope     : BeanFactory id=544c1406-c850-392f-bbe5-10c726763286
2020-09-01 18:48:01.930  INFO 11176 --- [main] ptablePropertiesBeanFactoryPostProcessor : Post-processing PropertySource instances
2020-09-01 18:48:01.944  INFO 11176 --- [main] c.u.j.EncryptablePropertySourceConverter : Converting PropertySource bootstrapProperties-hdp-manpower-dev.yml,DEFAULT_GROUP [org.springframework.cloud.bootstrap.config.BootstrapPropertySource] to EncryptableEnumerablePropertySourceWrapper
2020-09-01 18:48:01.944  INFO 11176 --- [main] c.u.j.EncryptablePropertySourceConverter : Converting PropertySource bootstrapProperties-hdp-manpower.yml,DEFAULT_GROUP [org.springframework.cloud.bootstrap.config.BootstrapPropertySource] to EncryptableEnumerablePropertySourceWrapper
2020-09-01 18:48:01.944  INFO 11176 --- [main] c.u.j.EncryptablePropertySourceConverter : Converting PropertySource bootstrapProperties-hdp-manpower,DEFAULT_GROUP [org.springframework.cloud.bootstrap.config.BootstrapPropertySource] to EncryptableEnumerablePropertySourceWrapper
2020-09-01 18:48:01.944  INFO 11176 --- [main] c.u.j.EncryptablePropertySourceConverter : Converting PropertySource bootstrapProperties-application-dev.yml,DEFAULT_GROUP [org.springframework.cloud.bootstrap.config.BootstrapPropertySource] to EncryptableEnumerablePropertySourceWrapper
2020-09-01 18:48:01.945  INFO 11176 --- [main] c.u.j.EncryptablePropertySourceConverter : Converting PropertySource configurationProperties [org.springframework.boot.context.properties.source.ConfigurationPropertySourcesPropertySource] to AOP Proxy
2020-09-01 18:48:01.945  INFO 11176 --- [main] c.u.j.EncryptablePropertySourceConverter : Converting PropertySource servletConfigInitParams [org.springframework.core.env.PropertySource$StubPropertySource] to EncryptablePropertySourceWrapper
2020-09-01 18:48:01.945  INFO 11176 --- [main] c.u.j.EncryptablePropertySourceConverter : Converting PropertySource servletContextInitParams [org.springframework.core.env.PropertySource$StubPropertySource] to EncryptablePropertySourceWrapper
2020-09-01 18:48:01.945  INFO 11176 --- [main] c.u.j.EncryptablePropertySourceConverter : Converting PropertySource systemProperties [org.springframework.core.env.PropertiesPropertySource] to EncryptableMapPropertySourceWrapper
2020-09-01 18:48:01.945  INFO 11176 --- [main] c.u.j.EncryptablePropertySourceConverter : Converting PropertySource systemEnvironment [org.springframework.boot.env.SystemEnvironmentPropertySourceEnvironmentPostProcessor$OriginAwareSystemEnvironmentPropertySource] to EncryptableMapPropertySourceWrapper
2020-09-01 18:48:01.945  INFO 11176 --- [main] c.u.j.EncryptablePropertySourceConverter : Converting PropertySource random [org.springframework.boot.env.RandomValuePropertySource] to EncryptablePropertySourceWrapper
2020-09-01 18:48:01.945  INFO 11176 --- [main] c.u.j.EncryptablePropertySourceConverter : Converting PropertySource springCloudClientHostInfo [org.springframework.core.env.MapPropertySource] to EncryptableMapPropertySourceWrapper
2020-09-01 18:48:01.945  INFO 11176 --- [main] c.u.j.EncryptablePropertySourceConverter : Converting PropertySource springCloudDefaultProperties [org.springframework.core.env.MapPropertySource] to EncryptableMapPropertySourceWrapper
2020-09-01 18:48:01.946  INFO 11176 --- [main] c.u.j.EncryptablePropertySourceConverter : Converting PropertySource cachedrandom [org.springframework.cloud.util.random.CachedRandomPropertySource] to EncryptablePropertySourceWrapper
2020-09-01 18:48:01.961  INFO 11176 --- [main] c.u.j.filter.DefaultLazyPropertyFilter   : Property Filter custom Bean not found with name 'encryptablePropertyFilter'. Initializing Default Property Filter
2020-09-01 18:48:02.227  INFO 11176 --- [main] trationDelegate$BeanPostProcessorChecker : Bean 'org.springframework.security.access.expression.method.DefaultMethodSecurityExpressionHandler@37f71c05' of type [org.springframework.security.oauth2.provider.expression.OAuth2MethodSecurityExpressionHandler] is not eligible for getting processed by all BeanPostProcessors (for example: not eligible for auto-proxying)
2020-09-01 18:48:02.236  INFO 11176 --- [main] trationDelegate$BeanPostProcessorChecker : Bean 'methodSecurityMetadataSource' of type [org.springframework.security.access.method.DelegatingMethodSecurityMetadataSource] is not eligible for getting processed by all BeanPostProcessors (for example: not eligible for auto-proxying)
2020-09-01 18:48:02.250  INFO 11176 --- [main] c.u.j.r.DefaultLazyPropertyResolver      : Property Resolver custom Bean not found with name 'encryptablePropertyResolver'. Initializing Default Property Resolver
2020-09-01 18:48:02.250  INFO 11176 --- [main] c.u.j.d.DefaultLazyPropertyDetector      : Property Detector custom Bean not found with name 'encryptablePropertyDetector'. Initializing Default Property Detector
2020-09-01 18:48:02.348  INFO 11176 --- [main] trationDelegate$BeanPostProcessorChecker : Bean 'spring.cloud.sentinel-com.alibaba.cloud.sentinel.SentinelProperties' of type [com.alibaba.cloud.sentinel.SentinelProperties] is not eligible for getting processed by all BeanPostProcessors (for example: not eligible for auto-proxying)
2020-09-01 18:48:02.475  INFO 11176 --- [main] trationDelegate$BeanPostProcessorChecker : Bean 'com.alibaba.cloud.sentinel.custom.SentinelAutoConfiguration' of type [com.alibaba.cloud.sentinel.custom.SentinelAutoConfiguration] is not eligible for getting processed by all BeanPostProcessors (for example: not eligible for auto-proxying)
2020-09-01 18:48:02.776  WARN 11176 --- [main] io.undertow.websockets.jsr               : UT026010: Buffer pool was not set on WebSocketDeploymentInfo, the default pool will be used
2020-09-01 18:48:02.800  INFO 11176 --- [main] io.undertow.servlet                      : Initializing Spring embedded WebApplicationContext
2020-09-01 18:48:02.800  INFO 11176 --- [main] w.s.c.ServletWebServerApplicationContext : Root WebApplicationContext: initialization completed in 2952 ms
2020-09-01 18:48:02.984  WARN 11176 --- [main] o.s.boot.actuate.endpoint.EndpointId     : Endpoint ID 'nacos-config' contains invalid characters, please migrate to a valid format.
2020-09-01 18:48:02.985  WARN 11176 --- [main] o.s.boot.actuate.endpoint.EndpointId     : Endpoint ID 'nacos-discovery' contains invalid characters, please migrate to a valid format.
2020-09-01 18:48:03.552  INFO 11176 --- [main] c.a.d.s.b.a.DruidDataSourceAutoConfigure : Init DruidDataSource
2020-09-01 18:48:03.666  INFO 11176 --- [main] com.alibaba.druid.pool.DruidDataSource   : {dataSource-1} inited
2020-09-01 18:48:04.338  INFO 11176 --- [main] c.a.c.s.SentinelWebAutoConfiguration     : [Sentinel Starter] register SentinelWebInterceptor with urlPatterns: [/**].
2020-09-01 18:48:04.828  INFO 11176 --- [main] com.alibaba.nacos.client.naming          : initializer namespace from System Property :null
2020-09-01 18:48:04.829  INFO 11176 --- [main] com.alibaba.nacos.client.naming          : initializer namespace from System Environment :null
2020-09-01 18:48:04.830  INFO 11176 --- [main] com.alibaba.nacos.client.naming          : initializer namespace from System Property :null
2020-09-01 18:48:05.017  INFO 11176 --- [main] o.s.b.a.e.web.EndpointLinksResolver      : Exposing 22 endpoint(s) beneath base path '/actuator'
2020-09-01 18:48:05.219  INFO 11176 --- [main] pertySourcedRequestMappingHandlerMapping : Mapped URL path [/v2/api-docs] onto method [springfox.documentation.swagger2.web.Swagger2Controller#getDocumentation(String, HttpServletRequest)]
2020-09-01 18:48:05.383  WARN 11176 --- [main] c.n.c.sources.URLConfigurationSource     : No URLs will be polled as dynamic configuration sources.
2020-09-01 18:48:05.384  INFO 11176 --- [main] c.n.c.sources.URLConfigurationSource     : To enable URLs as dynamic configuration sources, define System property archaius.configurationSource.additionalUrls or make config.properties available on classpath.
2020-09-01 18:48:05.388  WARN 11176 --- [main] c.n.c.sources.URLConfigurationSource     : No URLs will be polled as dynamic configuration sources.
2020-09-01 18:48:05.389  INFO 11176 --- [main] c.n.c.sources.URLConfigurationSource     : To enable URLs as dynamic configuration sources, define System property archaius.configurationSource.additionalUrls or make config.properties available on classpath.
2020-09-01 18:48:05.537  INFO 11176 --- [main] o.s.s.concurrent.ThreadPoolTaskExecutor  : Initializing ExecutorService 'applicationTaskExecutor'
2020-09-01 18:48:05.668  INFO 11176 --- [main] o.s.s.c.ThreadPoolTaskScheduler          : Initializing ExecutorService 'Nacso-Watch-Task-Scheduler'
2020-09-01 18:48:06.115  INFO 11176 --- [main] .s.s.UserDetailsServiceAutoConfiguration : 

Using generated security password: c63e3bb4-89be-461f-a7ca-47d530104953

2020-09-01 18:48:06.331  INFO 11176 --- [main] o.s.s.web.DefaultSecurityFilterChain     : Creating filter chain: any request, [org.springframework.security.web.context.request.async.WebAsyncManagerIntegrationFilter@137db13f, org.springframework.security.web.context.SecurityContextPersistenceFilter@602e7a9e, org.springframework.security.web.header.HeaderWriterFilter@57d0c779, org.springframework.security.web.authentication.logout.LogoutFilter@186537ac, org.springframework.security.oauth2.provider.authentication.OAuth2AuthenticationProcessingFilter@76929266, org.springframework.security.web.savedrequest.RequestCacheAwareFilter@19c6e821, org.springframework.security.web.servletapi.SecurityContextHolderAwareRequestFilter@3c3a767, org.springframework.security.web.authentication.AnonymousAuthenticationFilter@2a3c3a04, org.springframework.security.web.session.SessionManagementFilter@f69e35a, org.springframework.security.web.access.ExceptionTranslationFilter@44bb6856, org.springframework.security.web.access.intercept.FilterSecurityInterceptor@1798c749]
2020-09-01 18:48:06.592  WARN 11176 --- [main] s.o.SpringCloudSecurityAutoConfiguration : All Spring Cloud Security modules and starters are deprecated. They will be moved to individual projects in the next major release.
2020-09-01 18:48:06.691  INFO 11176 --- [main] io.undertow                              : starting server: Undertow - 2.1.3.Final
2020-09-01 18:48:06.698  INFO 11176 --- [main] org.xnio                                 : XNIO version 3.8.0.Final
2020-09-01 18:48:06.708  INFO 11176 --- [main] org.xnio.nio                             : XNIO NIO Implementation Version 3.8.0.Final
2020-09-01 18:48:06.745  INFO 11176 --- [main] org.jboss.threads                        : JBoss Threads version 3.1.0.Final
2020-09-01 18:48:06.788  INFO 11176 --- [main] o.s.b.w.e.undertow.UndertowWebServer     : Undertow started on port(s) 8102 (http)
2020-09-01 18:48:06.792  INFO 11176 --- [main] com.alibaba.nacos.client.naming          : [BEAT] adding beat: {"cluster":"DEFAULT","ip":"10.1.28.83","metadata":{"preserved.register.source":"SPRING_CLOUD"},"period":5000,"port":8102,"scheduled":false,"serviceName":"DEFAULT_GROUP@@hdp-manpower","stopped":false,"weight":1.0} to beat map.
2020-09-01 18:48:06.866  INFO 11176 --- [main] com.alibaba.nacos.client.naming          : [REGISTER-SERVICE] public registering service DEFAULT_GROUP@@hdp-manpower with instance: {"clusterName":"DEFAULT","enabled":true,"ephemeral":true,"healthy":true,"instanceHeartBeatInterval":5000,"instanceHeartBeatTimeOut":15000,"ip":"10.1.28.83","ipDeleteTimeout":30000,"metadata":{"preserved.register.source":"SPRING_CLOUD"},"port":8102,"weight":1.0}
2020-09-01 18:48:06.876  INFO 11176 --- [main] c.a.c.n.registry.NacosServiceRegistry    : nacos registry, DEFAULT_GROUP hdp-manpower 10.1.28.83:8102 register finished
2020-09-01 18:48:06.985  INFO 11176 --- [main] d.s.w.p.DocumentationPluginsBootstrapper : Context refreshed
2020-09-01 18:48:06.996  INFO 11176 --- [main] d.s.w.p.DocumentationPluginsBootstrapper : Found 1 custom documentation plugin(s)
2020-09-01 18:48:07.030  INFO 11176 --- [main] s.d.s.w.s.ApiListingReferenceScanner     : Scanning for api listing references
2020-09-01 18:48:07.164  INFO 11176 --- [main] .d.s.w.r.o.CachingOperationNameGenerator : Generating unique operation named: getDemoPageUsingGET_1
2020-09-01 18:48:07.208  INFO 11176 --- [main] n.h.h.h.HdpManpowerApplication           : Started HdpManpowerApplication in 8.889 seconds (JVM running for 10.084)
2020-09-01 18:48:07.212  INFO 11176 --- [main] c.a.n.client.config.impl.ClientWorker    : [fixed-hdp-register_8848] [subscribe] hdp-manpower.yml+DEFAULT_GROUP
2020-09-01 18:48:07.213  INFO 11176 --- [main] c.a.nacos.client.config.impl.CacheData   : [fixed-hdp-register_8848] [add-listener] ok, tenant=, dataId=hdp-manpower.yml, group=DEFAULT_GROUP, cnt=1
2020-09-01 18:48:07.214  INFO 11176 --- [main] c.a.n.client.config.impl.ClientWorker    : [fixed-hdp-register_8848] [subscribe] hdp-manpower-dev.yml+DEFAULT_GROUP
2020-09-01 18:48:07.214  INFO 11176 --- [main] c.a.nacos.client.config.impl.CacheData   : [fixed-hdp-register_8848] [add-listener] ok, tenant=, dataId=hdp-manpower-dev.yml, group=DEFAULT_GROUP, cnt=1
2020-09-01 18:48:07.214  INFO 11176 --- [main] c.a.n.client.config.impl.ClientWorker    : [fixed-hdp-register_8848] [subscribe] hdp-manpower+DEFAULT_GROUP
2020-09-01 18:48:07.214  INFO 11176 --- [main] c.a.nacos.client.config.impl.CacheData   : [fixed-hdp-register_8848] [add-listener] ok, tenant=, dataId=hdp-manpower, group=DEFAULT_GROUP, cnt=1
2020-09-01 18:48:07.227  INFO 11176 --- [com.alibaba.nacos.client.Worker.longPolling.fixed-hdp-register_8848] c.a.n.client.config.impl.ClientWorker    : get changedGroupKeys:[]
2020-09-01 18:48:38.105  INFO 11176 --- [com.alibaba.nacos.client.Worker.longPolling.fixed-hdp-register_8848] c.a.n.client.config.impl.ClientWorker    : get changedGroupKeys:[]
2020-09-01 18:49:07.612  INFO 11176 --- [com.alibaba.nacos.client.Worker.longPolling.fixed-hdp-register_8848] c.a.n.client.config.impl.ClientWorker    : get changedGroupKeys:[]
2020-09-01 18:49:37.118  INFO 11176 --- [com.alibaba.nacos.client.Worker.longPolling.fixed-hdp-register_8848] c.a.n.client.config.impl.ClientWorker    : get changedGroupKeys:[]
2020-09-01 18:50:06.624  INFO 11176 --- [com.alibaba.nacos.client.Worker.longPolling.fixed-hdp-register_8848] c.a.n.client.config.impl.ClientWorker    : get changedGroupKeys:[]
2020-09-01 18:50:36.129  INFO 11176 --- [com.alibaba.nacos.client.Worker.longPolling.fixed-hdp-register_8848] c.a.n.client.config.impl.ClientWorker    : get changedGroupKeys:[]
2020-09-01 18:51:05.635  INFO 11176 --- [com.alibaba.nacos.client.Worker.longPolling.fixed-hdp-register_8848] c.a.n.client.config.impl.ClientWorker    : get changedGroupKeys:[]
2020-09-01 18:51:35.140  INFO 11176 --- [com.alibaba.nacos.client.Worker.longPolling.fixed-hdp-register_8848] c.a.n.client.config.impl.ClientWorker    : get changedGroupKeys:[]
2020-09-01 18:52:04.644  INFO 11176 --- [com.alibaba.nacos.client.Worker.longPolling.fixed-hdp-register_8848] c.a.n.client.config.impl.ClientWorker    : get changedGroupKeys:[]
2020-09-01 18:52:34.149  INFO 11176 --- [com.alibaba.nacos.client.Worker.longPolling.fixed-hdp-register_8848] c.a.n.client.config.impl.ClientWorker    : get changedGroupKeys:[]
2020-09-01 18:53:03.655  INFO 11176 --- [com.alibaba.nacos.client.Worker.longPolling.fixed-hdp-register_8848] c.a.n.client.config.impl.ClientWorker    : get changedGroupKeys:[]
2020-09-01 18:53:33.165  INFO 11176 --- [com.alibaba.nacos.client.Worker.longPolling.fixed-hdp-register_8848] c.a.n.client.config.impl.ClientWorker    : get changedGroupKeys:[]
2020-09-01 18:54:02.669  INFO 11176 --- [com.alibaba.nacos.client.Worker.longPolling.fixed-hdp-register_8848] c.a.n.client.config.impl.ClientWorker    : get changedGroupKeys:[]
2020-09-01 18:54:32.175  INFO 11176 --- [com.alibaba.nacos.client.Worker.longPolling.fixed-hdp-register_8848] c.a.n.client.config.impl.ClientWorker    : get changedGroupKeys:[]
2020-09-01 18:55:01.681  INFO 11176 --- [com.alibaba.nacos.client.Worker.longPolling.fixed-hdp-register_8848] c.a.n.client.config.impl.ClientWorker    : get changedGroupKeys:[]
2020-09-01 18:55:31.187  INFO 11176 --- [com.alibaba.nacos.client.Worker.longPolling.fixed-hdp-register_8848] c.a.n.client.config.impl.ClientWorker    : get changedGroupKeys:[]
2020-09-01 18:56:00.692  INFO 11176 --- [com.alibaba.nacos.client.Worker.longPolling.fixed-hdp-register_8848] c.a.n.client.config.impl.ClientWorker    : get changedGroupKeys:[]
2020-09-01 18:56:30.197  INFO 11176 --- [com.alibaba.nacos.client.Worker.longPolling.fixed-hdp-register_8848] c.a.n.client.config.impl.ClientWorker    : get changedGroupKeys:[]
2020-09-01 18:56:59.701  INFO 11176 --- [com.alibaba.nacos.client.Worker.longPolling.fixed-hdp-register_8848] c.a.n.client.config.impl.ClientWorker    : get changedGroupKeys:[]
2020-09-01 18:57:29.206  INFO 11176 --- [com.alibaba.nacos.client.Worker.longPolling.fixed-hdp-register_8848] c.a.n.client.config.impl.ClientWorker    : get changedGroupKeys:[]
2020-09-01 18:57:58.710  INFO 11176 --- [com.alibaba.nacos.client.Worker.longPolling.fixed-hdp-register_8848] c.a.n.client.config.impl.ClientWorker    : get changedGroupKeys:[]
2020-09-01 18:58:28.213  INFO 11176 --- [com.alibaba.nacos.client.Worker.longPolling.fixed-hdp-register_8848] c.a.n.client.config.impl.ClientWorker    : get changedGroupKeys:[]
2020-09-01 18:58:57.714  INFO 11176 --- [com.alibaba.nacos.client.Worker.longPolling.fixed-hdp-register_8848] c.a.n.client.config.impl.ClientWorker    : get changedGroupKeys:[]
2020-09-01 18:59:27.215  INFO 11176 --- [com.alibaba.nacos.client.Worker.longPolling.fixed-hdp-register_8848] c.a.n.client.config.impl.ClientWorker    : get changedGroupKeys:[]
2020-09-01 18:59:56.720  INFO 11176 --- [com.alibaba.nacos.client.Worker.longPolling.fixed-hdp-register_8848] c.a.n.client.config.impl.ClientWorker    : get changedGroupKeys:[]
2020-09-01 19:00:26.225  INFO 11176 --- [com.alibaba.nacos.client.Worker.longPolling.fixed-hdp-register_8848] c.a.n.client.config.impl.ClientWorker    : get changedGroupKeys:[]
2020-09-01 19:00:55.730  INFO 11176 --- [com.alibaba.nacos.client.Worker.longPolling.fixed-hdp-register_8848] c.a.n.client.config.impl.ClientWorker    : get changedGroupKeys:[]
2020-09-01 19:01:25.234  INFO 11176 --- [com.alibaba.nacos.client.Worker.longPolling.fixed-hdp-register_8848] c.a.n.client.config.impl.ClientWorker    : get changedGroupKeys:[]
2020-09-01 19:01:54.738  INFO 11176 --- [com.alibaba.nacos.client.Worker.longPolling.fixed-hdp-register_8848] c.a.n.client.config.impl.ClientWorker    : get changedGroupKeys:[]
2020-09-01 19:02:24.242  INFO 11176 --- [com.alibaba.nacos.client.Worker.longPolling.fixed-hdp-register_8848] c.a.n.client.config.impl.ClientWorker    : get changedGroupKeys:[]
2020-09-01 19:02:53.743  INFO 11176 --- [com.alibaba.nacos.client.Worker.longPolling.fixed-hdp-register_8848] c.a.n.client.config.impl.ClientWorker    : get changedGroupKeys:[]
2020-09-01 19:03:23.245  INFO 11176 --- [com.alibaba.nacos.client.Worker.longPolling.fixed-hdp-register_8848] c.a.n.client.config.impl.ClientWorker    : get changedGroupKeys:[]
2020-09-01 19:03:52.749  INFO 11176 --- [com.alibaba.nacos.client.Worker.longPolling.fixed-hdp-register_8848] c.a.n.client.config.impl.ClientWorker    : get changedGroupKeys:[]
2020-09-01 19:04:22.254  INFO 11176 --- [com.alibaba.nacos.client.Worker.longPolling.fixed-hdp-register_8848] c.a.n.client.config.impl.ClientWorker    : get changedGroupKeys:[]
2020-09-01 19:04:51.755  INFO 11176 --- [com.alibaba.nacos.client.Worker.longPolling.fixed-hdp-register_8848] c.a.n.client.config.impl.ClientWorker    : get changedGroupKeys:[]
2020-09-01 19:05:02.063  INFO 11176 --- [XNIO-1 task-1] io.undertow.servlet                      : Initializing Spring DispatcherServlet 'dispatcherServlet'
2020-09-01 19:05:02.063  INFO 11176 --- [XNIO-1 task-1] o.s.web.servlet.DispatcherServlet        : Initializing Servlet 'dispatcherServlet'
2020-09-01 19:05:02.075  INFO 11176 --- [XNIO-1 task-1] o.s.web.servlet.DispatcherServlet        : Completed initialization in 12 ms
2020-09-01 19:05:23.240  INFO 11176 --- [com.alibaba.nacos.client.Worker.longPolling.fixed-hdp-register_8848] c.a.n.client.config.impl.ClientWorker    : get changedGroupKeys:[]
2020-09-01 19:05:52.745  INFO 11176 --- [com.alibaba.nacos.client.Worker.longPolling.fixed-hdp-register_8848] c.a.n.client.config.impl.ClientWorker    : get changedGroupKeys:[]
2020-09-01 19:06:15.134  INFO 11176 --- [XNIO-1 task-1] c.netflix.config.ChainedDynamicProperty  : Flipping property: hdp-auth.ribbon.ActiveConnectionsLimit to use NEXT property: niws.loadbalancer.availabilityFilteringRule.activeConnectionsLimit = 2147483647
2020-09-01 19:06:15.150  INFO 11176 --- [XNIO-1 task-1] c.netflix.loadbalancer.BaseLoadBalancer  : Client: hdp-auth instantiated a LoadBalancer: DynamicServerListLoadBalancer:{NFLoadBalancer:name=hdp-auth,current list of Servers=[],Load balancer stats=Zone stats: {},Server stats: []}ServerList:null
2020-09-01 19:06:15.155  INFO 11176 --- [XNIO-1 task-1] c.n.l.DynamicServerListLoadBalancer      : Using serverListUpdater PollingServerListUpdater
2020-09-01 19:06:15.177  INFO 11176 --- [XNIO-1 task-1] com.alibaba.nacos.client.naming          : new ips(1) service: DEFAULT_GROUP@@hdp-auth -> [{"clusterName":"DEFAULT","enabled":true,"ephemeral":true,"healthy":true,"instanceHeartBeatInterval":5000,"instanceHeartBeatTimeOut":15000,"instanceId":"10.1.69.173#3000#DEFAULT#DEFAULT_GROUP@@hdp-auth","ip":"10.1.69.173","ipDeleteTimeout":30000,"metadata":{"preserved.register.source":"SPRING_CLOUD"},"port":3000,"serviceName":"DEFAULT_GROUP@@hdp-auth","weight":1.0}]
2020-09-01 19:06:15.181  INFO 11176 --- [XNIO-1 task-1] com.alibaba.nacos.client.naming          : current ips:(1) service: DEFAULT_GROUP@@hdp-auth -> [{"clusterName":"DEFAULT","enabled":true,"ephemeral":true,"healthy":true,"instanceHeartBeatInterval":5000,"instanceHeartBeatTimeOut":15000,"instanceId":"10.1.69.173#3000#DEFAULT#DEFAULT_GROUP@@hdp-auth","ip":"10.1.69.173","ipDeleteTimeout":30000,"metadata":{"preserved.register.source":"SPRING_CLOUD"},"port":3000,"serviceName":"DEFAULT_GROUP@@hdp-auth","weight":1.0}]
2020-09-01 19:06:15.193  INFO 11176 --- [XNIO-1 task-1] c.netflix.config.ChainedDynamicProperty  : Flipping property: hdp-auth.ribbon.ActiveConnectionsLimit to use NEXT property: niws.loadbalancer.availabilityFilteringRule.activeConnectionsLimit = 2147483647
2020-09-01 19:06:15.194  INFO 11176 --- [XNIO-1 task-1] c.n.l.DynamicServerListLoadBalancer      : DynamicServerListLoadBalancer for client hdp-auth initialized: DynamicServerListLoadBalancer:{NFLoadBalancer:name=hdp-auth,current list of Servers=[10.1.69.173:3000],Load balancer stats=Zone stats: {unknown=[Zone:unknown;	Instance count:1;	Active connections count: 0;	Circuit breaker tripped count: 0;	Active connections per server: 0.0;]
},Server stats: [[Server:10.1.69.173:3000;	Zone:UNKNOWN;	Total Requests:0;	Successive connection failure:0;	Total blackout seconds:0;	Last connection made:Thu Jan 01 08:00:00 CST 1970;	First connection made: Thu Jan 01 08:00:00 CST 1970;	Active Connections:0;	total failure count in last (1000) msecs:0;	average resp time:0.0;	90 percentile resp time:0.0;	95 percentile resp time:0.0;	min resp time:0.0;	max resp time:0.0;	stddev resp time:0.0]
]}ServerList:com.alibaba.cloud.nacos.ribbon.NacosServerList@71c4d100
2020-09-01 19:06:16.159  INFO 11176 --- [PollingServerListUpdater-0] c.netflix.config.ChainedDynamicProperty  : Flipping property: hdp-auth.ribbon.ActiveConnectionsLimit to use NEXT property: niws.loadbalancer.availabilityFilteringRule.activeConnectionsLimit = 2147483647
2020-09-01 19:06:22.249  INFO 11176 --- [com.alibaba.nacos.client.Worker.longPolling.fixed-hdp-register_8848] c.a.n.client.config.impl.ClientWorker    : get changedGroupKeys:[]
2020-09-01 19:11:22.804  INFO 7820 --- [main] c.a.n.c.c.impl.LocalConfigInfoProcessor  : LOCAL_SNAPSHOT_PATH:C:\Users\Administrator\nacos\config
2020-09-01 19:11:22.831  INFO 7820 --- [main] c.a.nacos.client.config.impl.Limiter     : limitTime:5.0
2020-09-01 19:11:22.862  INFO 7820 --- [main] c.a.nacos.client.config.utils.JVMUtil    : isMultiInstance:false
2020-09-01 19:11:22.878  WARN 7820 --- [main] c.a.c.n.c.NacosPropertySourceBuilder     : Ignore the empty nacos configuration and get it based on dataId[hdp-manpower] & group[DEFAULT_GROUP]
2020-09-01 19:11:22.882  WARN 7820 --- [main] c.a.c.n.c.NacosPropertySourceBuilder     : Ignore the empty nacos configuration and get it based on dataId[hdp-manpower.yml] & group[DEFAULT_GROUP]
2020-09-01 19:11:22.886  WARN 7820 --- [main] c.a.c.n.c.NacosPropertySourceBuilder     : Ignore the empty nacos configuration and get it based on dataId[hdp-manpower-dev.yml] & group[DEFAULT_GROUP]
2020-09-01 19:11:22.887  INFO 7820 --- [main] b.c.PropertySourceBootstrapConfiguration : Located property source: [BootstrapPropertySource {name='bootstrapProperties-hdp-manpower-dev.yml,DEFAULT_GROUP'}, BootstrapPropertySource {name='bootstrapProperties-hdp-manpower.yml,DEFAULT_GROUP'}, BootstrapPropertySource {name='bootstrapProperties-hdp-manpower,DEFAULT_GROUP'}, BootstrapPropertySource {name='bootstrapProperties-application-dev.yml,DEFAULT_GROUP'}]
2020-09-01 19:11:22.922  INFO 7820 --- [main] EnableEncryptablePropertiesConfiguration : Bootstraping jasypt-string-boot auto configuration in context: hdp-manpower-1
2020-09-01 19:11:22.922  INFO 7820 --- [main] n.h.h.h.HdpManpowerApplication           : The following profiles are active: dev
2020-09-01 19:11:24.232  INFO 7820 --- [main] o.s.c.annotation.AutoProxyRegistrar      : AutoProxyRegistrar was imported but no annotations were found having both 'mode' and 'proxyTargetClass' attributes of type AdviceMode and boolean respectively. This means that auto proxy creator registration and configuration may not have occurred as intended, and components may not be proxied as expected. Check to ensure that AutoProxyRegistrar has been @Import'ed on the same class where these annotations are declared; otherwise remove the import of AutoProxyRegistrar altogether.
2020-09-01 19:11:24.666  INFO 7820 --- [main] .s.d.r.c.RepositoryConfigurationDelegate : Multiple Spring Data modules found, entering strict repository configuration mode!
2020-09-01 19:11:24.722  INFO 7820 --- [main] .s.d.r.c.RepositoryConfigurationDelegate : Bootstrapping Spring Data Redis repositories in DEFAULT mode.
2020-09-01 19:11:24.745  INFO 7820 --- [main] .s.d.r.c.RepositoryConfigurationDelegate : Finished Spring Data repository scanning in 9ms. Found 0 Redis repository interfaces.
2020-09-01 19:11:24.853  WARN 7820 --- [main] o.s.boot.actuate.endpoint.EndpointId     : Endpoint ID 'service-registry' contains invalid characters, please migrate to a valid format.
2020-09-01 19:11:25.022  INFO 7820 --- [main] o.s.cloud.context.scope.GenericScope     : BeanFactory id=544c1406-c850-392f-bbe5-10c726763286
2020-09-01 19:11:25.122  INFO 7820 --- [main] ptablePropertiesBeanFactoryPostProcessor : Post-processing PropertySource instances
2020-09-01 19:11:25.142  INFO 7820 --- [main] c.u.j.EncryptablePropertySourceConverter : Converting PropertySource bootstrapProperties-hdp-manpower-dev.yml,DEFAULT_GROUP [org.springframework.cloud.bootstrap.config.BootstrapPropertySource] to EncryptableEnumerablePropertySourceWrapper
2020-09-01 19:11:25.142  INFO 7820 --- [main] c.u.j.EncryptablePropertySourceConverter : Converting PropertySource bootstrapProperties-hdp-manpower.yml,DEFAULT_GROUP [org.springframework.cloud.bootstrap.config.BootstrapPropertySource] to EncryptableEnumerablePropertySourceWrapper
2020-09-01 19:11:25.142  INFO 7820 --- [main] c.u.j.EncryptablePropertySourceConverter : Converting PropertySource bootstrapProperties-hdp-manpower,DEFAULT_GROUP [org.springframework.cloud.bootstrap.config.BootstrapPropertySource] to EncryptableEnumerablePropertySourceWrapper
2020-09-01 19:11:25.142  INFO 7820 --- [main] c.u.j.EncryptablePropertySourceConverter : Converting PropertySource bootstrapProperties-application-dev.yml,DEFAULT_GROUP [org.springframework.cloud.bootstrap.config.BootstrapPropertySource] to EncryptableEnumerablePropertySourceWrapper
2020-09-01 19:11:25.143  INFO 7820 --- [main] c.u.j.EncryptablePropertySourceConverter : Converting PropertySource configurationProperties [org.springframework.boot.context.properties.source.ConfigurationPropertySourcesPropertySource] to AOP Proxy
2020-09-01 19:11:25.143  INFO 7820 --- [main] c.u.j.EncryptablePropertySourceConverter : Converting PropertySource servletConfigInitParams [org.springframework.core.env.PropertySource$StubPropertySource] to EncryptablePropertySourceWrapper
2020-09-01 19:11:25.143  INFO 7820 --- [main] c.u.j.EncryptablePropertySourceConverter : Converting PropertySource servletContextInitParams [org.springframework.core.env.PropertySource$StubPropertySource] to EncryptablePropertySourceWrapper
2020-09-01 19:11:25.143  INFO 7820 --- [main] c.u.j.EncryptablePropertySourceConverter : Converting PropertySource systemProperties [org.springframework.core.env.PropertiesPropertySource] to EncryptableMapPropertySourceWrapper
2020-09-01 19:11:25.143  INFO 7820 --- [main] c.u.j.EncryptablePropertySourceConverter : Converting PropertySource systemEnvironment [org.springframework.boot.env.SystemEnvironmentPropertySourceEnvironmentPostProcessor$OriginAwareSystemEnvironmentPropertySource] to EncryptableMapPropertySourceWrapper
2020-09-01 19:11:25.143  INFO 7820 --- [main] c.u.j.EncryptablePropertySourceConverter : Converting PropertySource random [org.springframework.boot.env.RandomValuePropertySource] to EncryptablePropertySourceWrapper
2020-09-01 19:11:25.143  INFO 7820 --- [main] c.u.j.EncryptablePropertySourceConverter : Converting PropertySource springCloudClientHostInfo [org.springframework.core.env.MapPropertySource] to EncryptableMapPropertySourceWrapper
2020-09-01 19:11:25.143  INFO 7820 --- [main] c.u.j.EncryptablePropertySourceConverter : Converting PropertySource springCloudDefaultProperties [org.springframework.core.env.MapPropertySource] to EncryptableMapPropertySourceWrapper
2020-09-01 19:11:25.144  INFO 7820 --- [main] c.u.j.EncryptablePropertySourceConverter : Converting PropertySource cachedrandom [org.springframework.cloud.util.random.CachedRandomPropertySource] to EncryptablePropertySourceWrapper
2020-09-01 19:11:25.165  INFO 7820 --- [main] c.u.j.filter.DefaultLazyPropertyFilter   : Property Filter custom Bean not found with name 'encryptablePropertyFilter'. Initializing Default Property Filter
2020-09-01 19:11:25.446  INFO 7820 --- [main] trationDelegate$BeanPostProcessorChecker : Bean 'org.springframework.security.access.expression.method.DefaultMethodSecurityExpressionHandler@4a4ff5ed' of type [org.springframework.security.oauth2.provider.expression.OAuth2MethodSecurityExpressionHandler] is not eligible for getting processed by all BeanPostProcessors (for example: not eligible for auto-proxying)
2020-09-01 19:11:25.456  INFO 7820 --- [main] trationDelegate$BeanPostProcessorChecker : Bean 'methodSecurityMetadataSource' of type [org.springframework.security.access.method.DelegatingMethodSecurityMetadataSource] is not eligible for getting processed by all BeanPostProcessors (for example: not eligible for auto-proxying)
2020-09-01 19:11:25.467  INFO 7820 --- [main] c.u.j.r.DefaultLazyPropertyResolver      : Property Resolver custom Bean not found with name 'encryptablePropertyResolver'. Initializing Default Property Resolver
2020-09-01 19:11:25.467  INFO 7820 --- [main] c.u.j.d.DefaultLazyPropertyDetector      : Property Detector custom Bean not found with name 'encryptablePropertyDetector'. Initializing Default Property Detector
2020-09-01 19:11:25.561  INFO 7820 --- [main] trationDelegate$BeanPostProcessorChecker : Bean 'spring.cloud.sentinel-com.alibaba.cloud.sentinel.SentinelProperties' of type [com.alibaba.cloud.sentinel.SentinelProperties] is not eligible for getting processed by all BeanPostProcessors (for example: not eligible for auto-proxying)
2020-09-01 19:11:25.686  INFO 7820 --- [main] trationDelegate$BeanPostProcessorChecker : Bean 'com.alibaba.cloud.sentinel.custom.SentinelAutoConfiguration' of type [com.alibaba.cloud.sentinel.custom.SentinelAutoConfiguration] is not eligible for getting processed by all BeanPostProcessors (for example: not eligible for auto-proxying)
2020-09-01 19:11:25.981  WARN 7820 --- [main] io.undertow.websockets.jsr               : UT026010: Buffer pool was not set on WebSocketDeploymentInfo, the default pool will be used
2020-09-01 19:11:26.005  INFO 7820 --- [main] io.undertow.servlet                      : Initializing Spring embedded WebApplicationContext
2020-09-01 19:11:26.005  INFO 7820 --- [main] w.s.c.ServletWebServerApplicationContext : Root WebApplicationContext: initialization completed in 3041 ms
2020-09-01 19:11:26.193  WARN 7820 --- [main] o.s.boot.actuate.endpoint.EndpointId     : Endpoint ID 'nacos-config' contains invalid characters, please migrate to a valid format.
2020-09-01 19:11:26.193  WARN 7820 --- [main] o.s.boot.actuate.endpoint.EndpointId     : Endpoint ID 'nacos-discovery' contains invalid characters, please migrate to a valid format.
2020-09-01 19:11:26.775  INFO 7820 --- [main] c.a.d.s.b.a.DruidDataSourceAutoConfigure : Init DruidDataSource
2020-09-01 19:11:26.899  INFO 7820 --- [main] com.alibaba.druid.pool.DruidDataSource   : {dataSource-1} inited
2020-09-01 19:11:27.579  INFO 7820 --- [main] c.a.c.s.SentinelWebAutoConfiguration     : [Sentinel Starter] register SentinelWebInterceptor with urlPatterns: [/**].
2020-09-01 19:11:28.088  INFO 7820 --- [main] com.alibaba.nacos.client.naming          : initializer namespace from System Property :null
2020-09-01 19:11:28.089  INFO 7820 --- [main] com.alibaba.nacos.client.naming          : initializer namespace from System Environment :null
2020-09-01 19:11:28.089  INFO 7820 --- [main] com.alibaba.nacos.client.naming          : initializer namespace from System Property :null
2020-09-01 19:11:28.288  INFO 7820 --- [main] o.s.b.a.e.web.EndpointLinksResolver      : Exposing 22 endpoint(s) beneath base path '/actuator'
2020-09-01 19:11:28.499  INFO 7820 --- [main] pertySourcedRequestMappingHandlerMapping : Mapped URL path [/v2/api-docs] onto method [springfox.documentation.swagger2.web.Swagger2Controller#getDocumentation(String, HttpServletRequest)]
2020-09-01 19:11:28.666  WARN 7820 --- [main] c.n.c.sources.URLConfigurationSource     : No URLs will be polled as dynamic configuration sources.
2020-09-01 19:11:28.666  INFO 7820 --- [main] c.n.c.sources.URLConfigurationSource     : To enable URLs as dynamic configuration sources, define System property archaius.configurationSource.additionalUrls or make config.properties available on classpath.
2020-09-01 19:11:28.671  WARN 7820 --- [main] c.n.c.sources.URLConfigurationSource     : No URLs will be polled as dynamic configuration sources.
2020-09-01 19:11:28.671  INFO 7820 --- [main] c.n.c.sources.URLConfigurationSource     : To enable URLs as dynamic configuration sources, define System property archaius.configurationSource.additionalUrls or make config.properties available on classpath.
2020-09-01 19:11:28.799  INFO 7820 --- [main] o.s.s.concurrent.ThreadPoolTaskExecutor  : Initializing ExecutorService 'applicationTaskExecutor'
2020-09-01 19:11:28.952  INFO 7820 --- [main] o.s.s.c.ThreadPoolTaskScheduler          : Initializing ExecutorService 'Nacso-Watch-Task-Scheduler'
2020-09-01 19:11:29.425  INFO 7820 --- [main] .s.s.UserDetailsServiceAutoConfiguration : 

Using generated security password: 755e9f7b-6fbc-42cc-81bb-d8a4db8be060

2020-09-01 19:11:29.649  INFO 7820 --- [main] o.s.s.web.DefaultSecurityFilterChain     : Creating filter chain: any request, [org.springframework.security.web.context.request.async.WebAsyncManagerIntegrationFilter@79e33802, org.springframework.security.web.context.SecurityContextPersistenceFilter@14c7ab73, org.springframework.security.web.header.HeaderWriterFilter@f776b4a, org.springframework.security.web.authentication.logout.LogoutFilter@15096b0e, org.springframework.security.oauth2.provider.authentication.OAuth2AuthenticationProcessingFilter@77331437, org.springframework.security.web.savedrequest.RequestCacheAwareFilter@1483c738, org.springframework.security.web.servletapi.SecurityContextHolderAwareRequestFilter@4bca2a09, org.springframework.security.web.authentication.AnonymousAuthenticationFilter@74471600, org.springframework.security.web.session.SessionManagementFilter@6037748a, org.springframework.security.web.access.ExceptionTranslationFilter@1ff52a71, org.springframework.security.web.access.intercept.FilterSecurityInterceptor@3dedc8b8]
2020-09-01 19:11:29.919  WARN 7820 --- [main] s.o.SpringCloudSecurityAutoConfiguration : All Spring Cloud Security modules and starters are deprecated. They will be moved to individual projects in the next major release.
2020-09-01 19:11:30.024  INFO 7820 --- [main] io.undertow                              : starting server: Undertow - 2.1.3.Final
2020-09-01 19:11:30.031  INFO 7820 --- [main] org.xnio                                 : XNIO version 3.8.0.Final
2020-09-01 19:11:30.043  INFO 7820 --- [main] org.xnio.nio                             : XNIO NIO Implementation Version 3.8.0.Final
2020-09-01 19:11:30.084  INFO 7820 --- [main] org.jboss.threads                        : JBoss Threads version 3.1.0.Final
2020-09-01 19:11:30.132  INFO 7820 --- [main] o.s.b.w.e.undertow.UndertowWebServer     : Undertow started on port(s) 8102 (http)
2020-09-01 19:11:30.137  INFO 7820 --- [main] com.alibaba.nacos.client.naming          : [BEAT] adding beat: {"cluster":"DEFAULT","ip":"10.1.28.83","metadata":{"preserved.register.source":"SPRING_CLOUD"},"period":5000,"port":8102,"scheduled":false,"serviceName":"DEFAULT_GROUP@@hdp-manpower","stopped":false,"weight":1.0} to beat map.
2020-09-01 19:11:30.217  INFO 7820 --- [main] com.alibaba.nacos.client.naming          : [REGISTER-SERVICE] public registering service DEFAULT_GROUP@@hdp-manpower with instance: {"clusterName":"DEFAULT","enabled":true,"ephemeral":true,"healthy":true,"instanceHeartBeatInterval":5000,"instanceHeartBeatTimeOut":15000,"ip":"10.1.28.83","ipDeleteTimeout":30000,"metadata":{"preserved.register.source":"SPRING_CLOUD"},"port":8102,"weight":1.0}
2020-09-01 19:11:30.227  INFO 7820 --- [main] c.a.c.n.registry.NacosServiceRegistry    : nacos registry, DEFAULT_GROUP hdp-manpower 10.1.28.83:8102 register finished
2020-09-01 19:11:30.332  INFO 7820 --- [main] d.s.w.p.DocumentationPluginsBootstrapper : Context refreshed
2020-09-01 19:11:30.344  INFO 7820 --- [main] d.s.w.p.DocumentationPluginsBootstrapper : Found 1 custom documentation plugin(s)
2020-09-01 19:11:30.379  INFO 7820 --- [main] s.d.s.w.s.ApiListingReferenceScanner     : Scanning for api listing references
2020-09-01 19:11:30.517  INFO 7820 --- [main] .d.s.w.r.o.CachingOperationNameGenerator : Generating unique operation named: getDemoPageUsingGET_1
2020-09-01 19:11:30.564  INFO 7820 --- [main] n.h.h.h.HdpManpowerApplication           : Started HdpManpowerApplication in 10.09 seconds (JVM running for 11.341)
2020-09-01 19:11:30.568  INFO 7820 --- [main] c.a.n.client.config.impl.ClientWorker    : [fixed-hdp-register_8848] [subscribe] hdp-manpower.yml+DEFAULT_GROUP
2020-09-01 19:11:30.568  INFO 7820 --- [main] c.a.nacos.client.config.impl.CacheData   : [fixed-hdp-register_8848] [add-listener] ok, tenant=, dataId=hdp-manpower.yml, group=DEFAULT_GROUP, cnt=1
2020-09-01 19:11:30.569  INFO 7820 --- [main] c.a.n.client.config.impl.ClientWorker    : [fixed-hdp-register_8848] [subscribe] hdp-manpower-dev.yml+DEFAULT_GROUP
2020-09-01 19:11:30.569  INFO 7820 --- [main] c.a.nacos.client.config.impl.CacheData   : [fixed-hdp-register_8848] [add-listener] ok, tenant=, dataId=hdp-manpower-dev.yml, group=DEFAULT_GROUP, cnt=1
2020-09-01 19:11:30.569  INFO 7820 --- [main] c.a.n.client.config.impl.ClientWorker    : [fixed-hdp-register_8848] [subscribe] hdp-manpower+DEFAULT_GROUP
2020-09-01 19:11:30.569  INFO 7820 --- [main] c.a.nacos.client.config.impl.CacheData   : [fixed-hdp-register_8848] [add-listener] ok, tenant=, dataId=hdp-manpower, group=DEFAULT_GROUP, cnt=1
2020-09-01 19:11:30.579  INFO 7820 --- [com.alibaba.nacos.client.Worker.longPolling.fixed-hdp-register_8848] c.a.n.client.config.impl.ClientWorker    : get changedGroupKeys:[]
2020-09-01 19:12:00.279  INFO 7820 --- [com.alibaba.nacos.client.Worker.longPolling.fixed-hdp-register_8848] c.a.n.client.config.impl.ClientWorker    : get changedGroupKeys:[]
2020-09-01 19:12:01.638  INFO 7820 --- [XNIO-1 task-1] io.undertow.servlet                      : Initializing Spring DispatcherServlet 'dispatcherServlet'
2020-09-01 19:12:01.639  INFO 7820 --- [XNIO-1 task-1] o.s.web.servlet.DispatcherServlet        : Initializing Servlet 'dispatcherServlet'
2020-09-01 19:12:01.652  INFO 7820 --- [XNIO-1 task-1] o.s.web.servlet.DispatcherServlet        : Completed initialization in 13 ms
2020-09-01 19:12:01.853  WARN 7820 --- [XNIO-1 task-1] i.s.m.p.AbstractSerializableParameter    : Illegal DefaultValue null for parameter type integer

java.lang.NumberFormatException: For input string: ""
	at java.lang.NumberFormatException.forInputString(NumberFormatException.java:65) ~[na:1.8.0_201]
	at java.lang.Long.parseLong(Long.java:601) ~[na:1.8.0_201]
	at java.lang.Long.valueOf(Long.java:803) ~[na:1.8.0_201]
	at io.swagger.models.parameters.AbstractSerializableParameter.getExample(AbstractSerializableParameter.java:412) ~[swagger-models-1.5.20.jar:1.5.20]
	at sun.reflect.NativeMethodAccessorImpl.invoke0(Native Method) ~[na:1.8.0_201]
	at sun.reflect.NativeMethodAccessorImpl.invoke(NativeMethodAccessorImpl.java:62) ~[na:1.8.0_201]
	at sun.reflect.DelegatingMethodAccessorImpl.invoke(DelegatingMethodAccessorImpl.java:43) ~[na:1.8.0_201]
	at java.lang.reflect.Method.invoke(Method.java:498) ~[na:1.8.0_201]
	at com.fasterxml.jackson.databind.ser.BeanPropertyWriter.serializeAsField(BeanPropertyWriter.java:689) [jackson-databind-2.11.0.jar:2.11.0]
	at com.fasterxml.jackson.databind.ser.std.BeanSerializerBase.serializeFields(BeanSerializerBase.java:723) [jackson-databind-2.11.0.jar:2.11.0]
	at com.fasterxml.jackson.databind.ser.BeanSerializer.serialize(BeanSerializer.java:166) [jackson-databind-2.11.0.jar:2.11.0]
	at com.fasterxml.jackson.databind.ser.impl.IndexedListSerializer.serializeContents(IndexedListSerializer.java:119) [jackson-databind-2.11.0.jar:2.11.0]
	at com.fasterxml.jackson.databind.ser.impl.IndexedListSerializer.serialize(IndexedListSerializer.java:79) [jackson-databind-2.11.0.jar:2.11.0]
	at com.fasterxml.jackson.databind.ser.impl.IndexedListSerializer.serialize(IndexedListSerializer.java:18) [jackson-databind-2.11.0.jar:2.11.0]
	at com.fasterxml.jackson.databind.ser.BeanPropertyWriter.serializeAsField(BeanPropertyWriter.java:728) [jackson-databind-2.11.0.jar:2.11.0]
	at com.fasterxml.jackson.databind.ser.std.BeanSerializerBase.serializeFields(BeanSerializerBase.java:723) [jackson-databind-2.11.0.jar:2.11.0]
	at com.fasterxml.jackson.databind.ser.BeanSerializer.serialize(BeanSerializer.java:166) [jackson-databind-2.11.0.jar:2.11.0]
	at com.fasterxml.jackson.databind.ser.BeanPropertyWriter.serializeAsField(BeanPropertyWriter.java:728) [jackson-databind-2.11.0.jar:2.11.0]
	at com.fasterxml.jackson.databind.ser.std.BeanSerializerBase.serializeFields(BeanSerializerBase.java:723) [jackson-databind-2.11.0.jar:2.11.0]
	at com.fasterxml.jackson.databind.ser.BeanSerializer.serialize(BeanSerializer.java:166) [jackson-databind-2.11.0.jar:2.11.0]
	at com.fasterxml.jackson.databind.ser.std.MapSerializer.serializeFields(MapSerializer.java:726) [jackson-databind-2.11.0.jar:2.11.0]
	at com.fasterxml.jackson.databind.ser.std.MapSerializer.serializeWithoutTypeInfo(MapSerializer.java:681) [jackson-databind-2.11.0.jar:2.11.0]
	at com.fasterxml.jackson.databind.ser.std.MapSerializer.serialize(MapSerializer.java:637) [jackson-databind-2.11.0.jar:2.11.0]
	at com.fasterxml.jackson.databind.ser.std.MapSerializer.serialize(MapSerializer.java:33) [jackson-databind-2.11.0.jar:2.11.0]
	at com.fasterxml.jackson.databind.ser.BeanPropertyWriter.serializeAsField(BeanPropertyWriter.java:728) [jackson-databind-2.11.0.jar:2.11.0]
	at com.fasterxml.jackson.databind.ser.std.BeanSerializerBase.serializeFields(BeanSerializerBase.java:723) [jackson-databind-2.11.0.jar:2.11.0]
	at com.fasterxml.jackson.databind.ser.BeanSerializer.serialize(BeanSerializer.java:166) [jackson-databind-2.11.0.jar:2.11.0]
	at com.fasterxml.jackson.databind.ser.DefaultSerializerProvider._serialize(DefaultSerializerProvider.java:480) [jackson-databind-2.11.0.jar:2.11.0]
	at com.fasterxml.jackson.databind.ser.DefaultSerializerProvider.serializeValue(DefaultSerializerProvider.java:319) [jackson-databind-2.11.0.jar:2.11.0]
	at com.fasterxml.jackson.databind.ObjectMapper._configAndWriteValue(ObjectMapper.java:4374) [jackson-databind-2.11.0.jar:2.11.0]
	at com.fasterxml.jackson.databind.ObjectMapper.writeValueAsString(ObjectMapper.java:3629) [jackson-databind-2.11.0.jar:2.11.0]
	at springfox.documentation.spring.web.json.JsonSerializer.toJson(JsonSerializer.java:38) [springfox-spring-web-2.9.2.jar:null]
	at springfox.documentation.swagger2.web.Swagger2Controller.getDocumentation(Swagger2Controller.java:105) [springfox-swagger2-2.9.2.jar:null]
	at sun.reflect.NativeMethodAccessorImpl.invoke0(Native Method) ~[na:1.8.0_201]
	at sun.reflect.NativeMethodAccessorImpl.invoke(NativeMethodAccessorImpl.java:62) ~[na:1.8.0_201]
	at sun.reflect.DelegatingMethodAccessorImpl.invoke(DelegatingMethodAccessorImpl.java:43) ~[na:1.8.0_201]
	at java.lang.reflect.Method.invoke(Method.java:498) ~[na:1.8.0_201]
	at org.springframework.web.method.support.InvocableHandlerMethod.doInvoke(InvocableHandlerMethod.java:190) [spring-web-5.2.7.RELEASE.jar:5.2.7.RELEASE]
	at org.springframework.web.method.support.InvocableHandlerMethod.invokeForRequest(InvocableHandlerMethod.java:138) [spring-web-5.2.7.RELEASE.jar:5.2.7.RELEASE]
	at org.springframework.web.servlet.mvc.method.annotation.ServletInvocableHandlerMethod.invokeAndHandle(ServletInvocableHandlerMethod.java:105) [spring-webmvc-5.2.7.RELEASE.jar:5.2.7.RELEASE]
	at org.springframework.web.servlet.mvc.method.annotation.RequestMappingHandlerAdapter.invokeHandlerMethod(RequestMappingHandlerAdapter.java:879) [spring-webmvc-5.2.7.RELEASE.jar:5.2.7.RELEASE]
	at org.springframework.web.servlet.mvc.method.annotation.RequestMappingHandlerAdapter.handleInternal(RequestMappingHandlerAdapter.java:793) [spring-webmvc-5.2.7.RELEASE.jar:5.2.7.RELEASE]
	at org.springframework.web.servlet.mvc.method.AbstractHandlerMethodAdapter.handle(AbstractHandlerMethodAdapter.java:87) [spring-webmvc-5.2.7.RELEASE.jar:5.2.7.RELEASE]
	at org.springframework.web.servlet.DispatcherServlet.doDispatch(DispatcherServlet.java:1040) [spring-webmvc-5.2.7.RELEASE.jar:5.2.7.RELEASE]
	at org.springframework.web.servlet.DispatcherServlet.doService(DispatcherServlet.java:943) [spring-webmvc-5.2.7.RELEASE.jar:5.2.7.RELEASE]
	at org.springframework.web.servlet.FrameworkServlet.processRequest(FrameworkServlet.java:1006) [spring-webmvc-5.2.7.RELEASE.jar:5.2.7.RELEASE]
	at org.springframework.web.servlet.FrameworkServlet.doGet(FrameworkServlet.java:898) [spring-webmvc-5.2.7.RELEASE.jar:5.2.7.RELEASE]
	at javax.servlet.http.HttpServlet.service(HttpServlet.java:645) [javax.servlet-api-4.0.1.jar:4.0.1]
	at org.springframework.web.servlet.FrameworkServlet.service(FrameworkServlet.java:883) [spring-webmvc-5.2.7.RELEASE.jar:5.2.7.RELEASE]
	at javax.servlet.http.HttpServlet.service(HttpServlet.java:750) [javax.servlet-api-4.0.1.jar:4.0.1]
	at io.undertow.servlet.handlers.ServletHandler.handleRequest(ServletHandler.java:74) [undertow-servlet-2.1.3.Final.jar:2.1.3.Final]
	at io.undertow.servlet.handlers.FilterHandler$FilterChainImpl.doFilter(FilterHandler.java:129) [undertow-servlet-2.1.3.Final.jar:2.1.3.Final]
	at org.springframework.security.web.FilterChainProxy$VirtualFilterChain.doFilter(FilterChainProxy.java:320) [spring-security-web-5.3.3.RELEASE.jar:5.3.3.RELEASE]
	at org.springframework.security.web.access.intercept.FilterSecurityInterceptor.invoke(FilterSecurityInterceptor.java:126) [spring-security-web-5.3.3.RELEASE.jar:5.3.3.RELEASE]
	at org.springframework.security.web.access.intercept.FilterSecurityInterceptor.doFilter(FilterSecurityInterceptor.java:90) [spring-security-web-5.3.3.RELEASE.jar:5.3.3.RELEASE]
	at org.springframework.security.web.FilterChainProxy$VirtualFilterChain.doFilter(FilterChainProxy.java:334) [spring-security-web-5.3.3.RELEASE.jar:5.3.3.RELEASE]
	at org.springframework.security.web.access.ExceptionTranslationFilter.doFilter(ExceptionTranslationFilter.java:118) [spring-security-web-5.3.3.RELEASE.jar:5.3.3.RELEASE]
	at org.springframework.security.web.FilterChainProxy$VirtualFilterChain.doFilter(FilterChainProxy.java:334) [spring-security-web-5.3.3.RELEASE.jar:5.3.3.RELEASE]
	at org.springframework.security.web.session.SessionManagementFilter.doFilter(SessionManagementFilter.java:137) [spring-security-web-5.3.3.RELEASE.jar:5.3.3.RELEASE]
	at org.springframework.security.web.FilterChainProxy$VirtualFilterChain.doFilter(FilterChainProxy.java:334) [spring-security-web-5.3.3.RELEASE.jar:5.3.3.RELEASE]
	at org.springframework.security.web.authentication.AnonymousAuthenticationFilter.doFilter(AnonymousAuthenticationFilter.java:111) [spring-security-web-5.3.3.RELEASE.jar:5.3.3.RELEASE]
	at org.springframework.security.web.FilterChainProxy$VirtualFilterChain.doFilter(FilterChainProxy.java:334) [spring-security-web-5.3.3.RELEASE.jar:5.3.3.RELEASE]
	at org.springframework.security.web.servletapi.SecurityContextHolderAwareRequestFilter.doFilter(SecurityContextHolderAwareRequestFilter.java:158) [spring-security-web-5.3.3.RELEASE.jar:5.3.3.RELEASE]
	at org.springframework.security.web.FilterChainProxy$VirtualFilterChain.doFilter(FilterChainProxy.java:334) [spring-security-web-5.3.3.RELEASE.jar:5.3.3.RELEASE]
	at org.springframework.security.web.savedrequest.RequestCacheAwareFilter.doFilter(RequestCacheAwareFilter.java:63) [spring-security-web-5.3.3.RELEASE.jar:5.3.3.RELEASE]
	at org.springframework.security.web.FilterChainProxy$VirtualFilterChain.doFilter(FilterChainProxy.java:334) [spring-security-web-5.3.3.RELEASE.jar:5.3.3.RELEASE]
	at org.springframework.security.oauth2.provider.authentication.OAuth2AuthenticationProcessingFilter.doFilter(OAuth2AuthenticationProcessingFilter.java:176) [spring-security-oauth2-2.3.6.RELEASE.jar:na]
	at org.springframework.security.web.FilterChainProxy$VirtualFilterChain.doFilter(FilterChainProxy.java:334) [spring-security-web-5.3.3.RELEASE.jar:5.3.3.RELEASE]
	at org.springframework.security.web.authentication.logout.LogoutFilter.doFilter(LogoutFilter.java:116) [spring-security-web-5.3.3.RELEASE.jar:5.3.3.RELEASE]
	at org.springframework.security.web.FilterChainProxy$VirtualFilterChain.doFilter(FilterChainProxy.java:334) [spring-security-web-5.3.3.RELEASE.jar:5.3.3.RELEASE]
	at org.springframework.security.web.header.HeaderWriterFilter.doHeadersAfter(HeaderWriterFilter.java:92) [spring-security-web-5.3.3.RELEASE.jar:5.3.3.RELEASE]
	at org.springframework.security.web.header.HeaderWriterFilter.doFilterInternal(HeaderWriterFilter.java:77) [spring-security-web-5.3.3.RELEASE.jar:5.3.3.RELEASE]
	at org.springframework.web.filter.OncePerRequestFilter.doFilter(OncePerRequestFilter.java:119) [spring-web-5.2.7.RELEASE.jar:5.2.7.RELEASE]
	at org.springframework.security.web.FilterChainProxy$VirtualFilterChain.doFilter(FilterChainProxy.java:334) [spring-security-web-5.3.3.RELEASE.jar:5.3.3.RELEASE]
	at org.springframework.security.web.context.SecurityContextPersistenceFilter.doFilter(SecurityContextPersistenceFilter.java:105) [spring-security-web-5.3.3.RELEASE.jar:5.3.3.RELEASE]
	at org.springframework.security.web.FilterChainProxy$VirtualFilterChain.doFilter(FilterChainProxy.java:334) [spring-security-web-5.3.3.RELEASE.jar:5.3.3.RELEASE]
	at org.springframework.security.web.context.request.async.WebAsyncManagerIntegrationFilter.doFilterInternal(WebAsyncManagerIntegrationFilter.java:56) [spring-security-web-5.3.3.RELEASE.jar:5.3.3.RELEASE]
	at org.springframework.web.filter.OncePerRequestFilter.doFilter(OncePerRequestFilter.java:119) [spring-web-5.2.7.RELEASE.jar:5.2.7.RELEASE]
	at org.springframework.security.web.FilterChainProxy$VirtualFilterChain.doFilter(FilterChainProxy.java:334) [spring-security-web-5.3.3.RELEASE.jar:5.3.3.RELEASE]
	at org.springframework.security.web.FilterChainProxy.doFilterInternal(FilterChainProxy.java:215) [spring-security-web-5.3.3.RELEASE.jar:5.3.3.RELEASE]
	at org.springframework.security.web.FilterChainProxy.doFilter(FilterChainProxy.java:178) [spring-security-web-5.3.3.RELEASE.jar:5.3.3.RELEASE]
	at org.springframework.web.filter.DelegatingFilterProxy.invokeDelegate(DelegatingFilterProxy.java:358) [spring-web-5.2.7.RELEASE.jar:5.2.7.RELEASE]
	at org.springframework.web.filter.DelegatingFilterProxy.doFilter(DelegatingFilterProxy.java:271) [spring-web-5.2.7.RELEASE.jar:5.2.7.RELEASE]
	at io.undertow.servlet.core.ManagedFilter.doFilter(ManagedFilter.java:61) [undertow-servlet-2.1.3.Final.jar:2.1.3.Final]
	at io.undertow.servlet.handlers.FilterHandler$FilterChainImpl.doFilter(FilterHandler.java:131) [undertow-servlet-2.1.3.Final.jar:2.1.3.Final]
	at org.springframework.web.filter.RequestContextFilter.doFilterInternal(RequestContextFilter.java:100) [spring-web-5.2.7.RELEASE.jar:5.2.7.RELEASE]
	at org.springframework.web.filter.OncePerRequestFilter.doFilter(OncePerRequestFilter.java:119) [spring-web-5.2.7.RELEASE.jar:5.2.7.RELEASE]
	at io.undertow.servlet.core.ManagedFilter.doFilter(ManagedFilter.java:61) [undertow-servlet-2.1.3.Final.jar:2.1.3.Final]
	at io.undertow.servlet.handlers.FilterHandler$FilterChainImpl.doFilter(FilterHandler.java:131) [undertow-servlet-2.1.3.Final.jar:2.1.3.Final]
	at org.springframework.web.filter.FormContentFilter.doFilterInternal(FormContentFilter.java:93) [spring-web-5.2.7.RELEASE.jar:5.2.7.RELEASE]
	at org.springframework.web.filter.OncePerRequestFilter.doFilter(OncePerRequestFilter.java:119) [spring-web-5.2.7.RELEASE.jar:5.2.7.RELEASE]
	at io.undertow.servlet.core.ManagedFilter.doFilter(ManagedFilter.java:61) [undertow-servlet-2.1.3.Final.jar:2.1.3.Final]
	at io.undertow.servlet.handlers.FilterHandler$FilterChainImpl.doFilter(FilterHandler.java:131) [undertow-servlet-2.1.3.Final.jar:2.1.3.Final]
	at org.springframework.boot.actuate.metrics.web.servlet.WebMvcMetricsFilter.doFilterInternal(WebMvcMetricsFilter.java:93) [spring-boot-actuator-2.3.1.RELEASE.jar:2.3.1.RELEASE]
	at org.springframework.web.filter.OncePerRequestFilter.doFilter(OncePerRequestFilter.java:119) [spring-web-5.2.7.RELEASE.jar:5.2.7.RELEASE]
	at io.undertow.servlet.core.ManagedFilter.doFilter(ManagedFilter.java:61) [undertow-servlet-2.1.3.Final.jar:2.1.3.Final]
	at io.undertow.servlet.handlers.FilterHandler$FilterChainImpl.doFilter(FilterHandler.java:131) [undertow-servlet-2.1.3.Final.jar:2.1.3.Final]
	at org.springframework.web.filter.CharacterEncodingFilter.doFilterInternal(CharacterEncodingFilter.java:201) [spring-web-5.2.7.RELEASE.jar:5.2.7.RELEASE]
	at org.springframework.web.filter.OncePerRequestFilter.doFilter(OncePerRequestFilter.java:119) [spring-web-5.2.7.RELEASE.jar:5.2.7.RELEASE]
	at io.undertow.servlet.core.ManagedFilter.doFilter(ManagedFilter.java:61) [undertow-servlet-2.1.3.Final.jar:2.1.3.Final]
	at io.undertow.servlet.handlers.FilterHandler$FilterChainImpl.doFilter(FilterHandler.java:131) [undertow-servlet-2.1.3.Final.jar:2.1.3.Final]
	at net.herdao.hdp.common.data.tenant.TenantContextHolderFilter.doFilter(TenantContextHolderFilter.java:60) [hdp-common-data-3.9.0.jar:na]
	at io.undertow.servlet.core.ManagedFilter.doFilter(ManagedFilter.java:61) [undertow-servlet-2.1.3.Final.jar:2.1.3.Final]
	at io.undertow.servlet.handlers.FilterHandler$FilterChainImpl.doFilter(FilterHandler.java:131) [undertow-servlet-2.1.3.Final.jar:2.1.3.Final]
	at io.undertow.servlet.handlers.FilterHandler.handleRequest(FilterHandler.java:84) [undertow-servlet-2.1.3.Final.jar:2.1.3.Final]
	at io.undertow.servlet.handlers.security.ServletSecurityRoleHandler.handleRequest(ServletSecurityRoleHandler.java:62) [undertow-servlet-2.1.3.Final.jar:2.1.3.Final]
	at io.undertow.servlet.handlers.ServletChain$1.handleRequest(ServletChain.java:68) [undertow-servlet-2.1.3.Final.jar:2.1.3.Final]
	at io.undertow.servlet.handlers.ServletDispatchingHandler.handleRequest(ServletDispatchingHandler.java:36) [undertow-servlet-2.1.3.Final.jar:2.1.3.Final]
	at io.undertow.servlet.handlers.RedirectDirHandler.handleRequest(RedirectDirHandler.java:68) [undertow-servlet-2.1.3.Final.jar:2.1.3.Final]
	at io.undertow.servlet.handlers.security.SSLInformationAssociationHandler.handleRequest(SSLInformationAssociationHandler.java:132) [undertow-servlet-2.1.3.Final.jar:2.1.3.Final]
	at io.undertow.servlet.handlers.security.ServletAuthenticationCallHandler.handleRequest(ServletAuthenticationCallHandler.java:57) [undertow-servlet-2.1.3.Final.jar:2.1.3.Final]
	at io.undertow.server.handlers.PredicateHandler.handleRequest(PredicateHandler.java:43) [undertow-core-2.1.3.Final.jar:2.1.3.Final]
	at io.undertow.security.handlers.AbstractConfidentialityHandler.handleRequest(AbstractConfidentialityHandler.java:46) [undertow-core-2.1.3.Final.jar:2.1.3.Final]
	at io.undertow.servlet.handlers.security.ServletConfidentialityConstraintHandler.handleRequest(ServletConfidentialityConstraintHandler.java:64) [undertow-servlet-2.1.3.Final.jar:2.1.3.Final]
	at io.undertow.security.handlers.AuthenticationMechanismsHandler.handleRequest(AuthenticationMechanismsHandler.java:60) [undertow-core-2.1.3.Final.jar:2.1.3.Final]
	at io.undertow.servlet.handlers.security.CachedAuthenticatedSessionHandler.handleRequest(CachedAuthenticatedSessionHandler.java:77) [undertow-servlet-2.1.3.Final.jar:2.1.3.Final]
	at io.undertow.security.handlers.AbstractSecurityContextAssociationHandler.handleRequest(AbstractSecurityContextAssociationHandler.java:43) [undertow-core-2.1.3.Final.jar:2.1.3.Final]
	at io.undertow.server.handlers.PredicateHandler.handleRequest(PredicateHandler.java:43) [undertow-core-2.1.3.Final.jar:2.1.3.Final]
	at io.undertow.server.handlers.PredicateHandler.handleRequest(PredicateHandler.java:43) [undertow-core-2.1.3.Final.jar:2.1.3.Final]
	at io.undertow.servlet.handlers.ServletInitialHandler.handleFirstRequest(ServletInitialHandler.java:269) [undertow-servlet-2.1.3.Final.jar:2.1.3.Final]
	at io.undertow.servlet.handlers.ServletInitialHandler.access$100(ServletInitialHandler.java:78) [undertow-servlet-2.1.3.Final.jar:2.1.3.Final]
	at io.undertow.servlet.handlers.ServletInitialHandler$2.call(ServletInitialHandler.java:133) [undertow-servlet-2.1.3.Final.jar:2.1.3.Final]
	at io.undertow.servlet.handlers.ServletInitialHandler$2.call(ServletInitialHandler.java:130) [undertow-servlet-2.1.3.Final.jar:2.1.3.Final]
	at io.undertow.servlet.core.ServletRequestContextThreadSetupAction$1.call(ServletRequestContextThreadSetupAction.java:48) [undertow-servlet-2.1.3.Final.jar:2.1.3.Final]
	at io.undertow.servlet.core.ContextClassLoaderSetupAction$1.call(ContextClassLoaderSetupAction.java:43) [undertow-servlet-2.1.3.Final.jar:2.1.3.Final]
	at io.undertow.servlet.handlers.ServletInitialHandler.dispatchRequest(ServletInitialHandler.java:249) [undertow-servlet-2.1.3.Final.jar:2.1.3.Final]
	at io.undertow.servlet.handlers.ServletInitialHandler.access$000(ServletInitialHandler.java:78) [undertow-servlet-2.1.3.Final.jar:2.1.3.Final]
	at io.undertow.servlet.handlers.ServletInitialHandler$1.handleRequest(ServletInitialHandler.java:99) [undertow-servlet-2.1.3.Final.jar:2.1.3.Final]
	at io.undertow.server.Connectors.executeRootHandler(Connectors.java:370) [undertow-core-2.1.3.Final.jar:2.1.3.Final]
	at io.undertow.server.HttpServerExchange$1.run(HttpServerExchange.java:830) [undertow-core-2.1.3.Final.jar:2.1.3.Final]
	at org.jboss.threads.ContextClassLoaderSavingRunnable.run(ContextClassLoaderSavingRunnable.java:35) [jboss-threads-3.1.0.Final.jar:3.1.0.Final]
	at org.jboss.threads.EnhancedQueueExecutor.safeRun(EnhancedQueueExecutor.java:2019) [jboss-threads-3.1.0.Final.jar:3.1.0.Final]
	at org.jboss.threads.EnhancedQueueExecutor$ThreadBody.doRunTask(EnhancedQueueExecutor.java:1558) [jboss-threads-3.1.0.Final.jar:3.1.0.Final]
	at org.jboss.threads.EnhancedQueueExecutor$ThreadBody.run(EnhancedQueueExecutor.java:1423) [jboss-threads-3.1.0.Final.jar:3.1.0.Final]
	at java.lang.Thread.run(Thread.java:748) [na:1.8.0_201]

2020-09-01 19:12:29.783  INFO 7820 --- [com.alibaba.nacos.client.Worker.longPolling.fixed-hdp-register_8848] c.a.n.client.config.impl.ClientWorker    : get changedGroupKeys:[]
2020-09-01 19:12:59.289  INFO 7820 --- [com.alibaba.nacos.client.Worker.longPolling.fixed-hdp-register_8848] c.a.n.client.config.impl.ClientWorker    : get changedGroupKeys:[]
2020-09-01 19:13:00.552  WARN 7820 --- [XNIO-1 task-1] i.s.m.p.AbstractSerializableParameter    : Illegal DefaultValue null for parameter type integer

java.lang.NumberFormatException: For input string: ""
	at java.lang.NumberFormatException.forInputString(NumberFormatException.java:65) ~[na:1.8.0_201]
	at java.lang.Long.parseLong(Long.java:601) ~[na:1.8.0_201]
	at java.lang.Long.valueOf(Long.java:803) ~[na:1.8.0_201]
	at io.swagger.models.parameters.AbstractSerializableParameter.getExample(AbstractSerializableParameter.java:412) ~[swagger-models-1.5.20.jar:1.5.20]
	at sun.reflect.GeneratedMethodAccessor140.invoke(Unknown Source) ~[na:na]
	at sun.reflect.DelegatingMethodAccessorImpl.invoke(DelegatingMethodAccessorImpl.java:43) ~[na:1.8.0_201]
	at java.lang.reflect.Method.invoke(Method.java:498) ~[na:1.8.0_201]
	at com.fasterxml.jackson.databind.ser.BeanPropertyWriter.serializeAsField(BeanPropertyWriter.java:689) [jackson-databind-2.11.0.jar:2.11.0]
	at com.fasterxml.jackson.databind.ser.std.BeanSerializerBase.serializeFields(BeanSerializerBase.java:723) [jackson-databind-2.11.0.jar:2.11.0]
	at com.fasterxml.jackson.databind.ser.BeanSerializer.serialize(BeanSerializer.java:166) [jackson-databind-2.11.0.jar:2.11.0]
	at com.fasterxml.jackson.databind.ser.impl.IndexedListSerializer.serializeContents(IndexedListSerializer.java:119) [jackson-databind-2.11.0.jar:2.11.0]
	at com.fasterxml.jackson.databind.ser.impl.IndexedListSerializer.serialize(IndexedListSerializer.java:79) [jackson-databind-2.11.0.jar:2.11.0]
	at com.fasterxml.jackson.databind.ser.impl.IndexedListSerializer.serialize(IndexedListSerializer.java:18) [jackson-databind-2.11.0.jar:2.11.0]
	at com.fasterxml.jackson.databind.ser.BeanPropertyWriter.serializeAsField(BeanPropertyWriter.java:728) [jackson-databind-2.11.0.jar:2.11.0]
	at com.fasterxml.jackson.databind.ser.std.BeanSerializerBase.serializeFields(BeanSerializerBase.java:723) [jackson-databind-2.11.0.jar:2.11.0]
	at com.fasterxml.jackson.databind.ser.BeanSerializer.serialize(BeanSerializer.java:166) [jackson-databind-2.11.0.jar:2.11.0]
	at com.fasterxml.jackson.databind.ser.BeanPropertyWriter.serializeAsField(BeanPropertyWriter.java:728) [jackson-databind-2.11.0.jar:2.11.0]
	at com.fasterxml.jackson.databind.ser.std.BeanSerializerBase.serializeFields(BeanSerializerBase.java:723) [jackson-databind-2.11.0.jar:2.11.0]
	at com.fasterxml.jackson.databind.ser.BeanSerializer.serialize(BeanSerializer.java:166) [jackson-databind-2.11.0.jar:2.11.0]
	at com.fasterxml.jackson.databind.ser.std.MapSerializer.serializeFields(MapSerializer.java:726) [jackson-databind-2.11.0.jar:2.11.0]
	at com.fasterxml.jackson.databind.ser.std.MapSerializer.serializeWithoutTypeInfo(MapSerializer.java:681) [jackson-databind-2.11.0.jar:2.11.0]
	at com.fasterxml.jackson.databind.ser.std.MapSerializer.serialize(MapSerializer.java:637) [jackson-databind-2.11.0.jar:2.11.0]
	at com.fasterxml.jackson.databind.ser.std.MapSerializer.serialize(MapSerializer.java:33) [jackson-databind-2.11.0.jar:2.11.0]
	at com.fasterxml.jackson.databind.ser.BeanPropertyWriter.serializeAsField(BeanPropertyWriter.java:728) [jackson-databind-2.11.0.jar:2.11.0]
	at com.fasterxml.jackson.databind.ser.std.BeanSerializerBase.serializeFields(BeanSerializerBase.java:723) [jackson-databind-2.11.0.jar:2.11.0]
	at com.fasterxml.jackson.databind.ser.BeanSerializer.serialize(BeanSerializer.java:166) [jackson-databind-2.11.0.jar:2.11.0]
	at com.fasterxml.jackson.databind.ser.DefaultSerializerProvider._serialize(DefaultSerializerProvider.java:480) [jackson-databind-2.11.0.jar:2.11.0]
	at com.fasterxml.jackson.databind.ser.DefaultSerializerProvider.serializeValue(DefaultSerializerProvider.java:319) [jackson-databind-2.11.0.jar:2.11.0]
	at com.fasterxml.jackson.databind.ObjectMapper._configAndWriteValue(ObjectMapper.java:4374) [jackson-databind-2.11.0.jar:2.11.0]
	at com.fasterxml.jackson.databind.ObjectMapper.writeValueAsString(ObjectMapper.java:3629) [jackson-databind-2.11.0.jar:2.11.0]
	at springfox.documentation.spring.web.json.JsonSerializer.toJson(JsonSerializer.java:38) [springfox-spring-web-2.9.2.jar:null]
	at springfox.documentation.swagger2.web.Swagger2Controller.getDocumentation(Swagger2Controller.java:105) [springfox-swagger2-2.9.2.jar:null]
	at sun.reflect.NativeMethodAccessorImpl.invoke0(Native Method) ~[na:1.8.0_201]
	at sun.reflect.NativeMethodAccessorImpl.invoke(NativeMethodAccessorImpl.java:62) ~[na:1.8.0_201]
	at sun.reflect.DelegatingMethodAccessorImpl.invoke(DelegatingMethodAccessorImpl.java:43) ~[na:1.8.0_201]
	at java.lang.reflect.Method.invoke(Method.java:498) ~[na:1.8.0_201]
	at org.springframework.web.method.support.InvocableHandlerMethod.doInvoke(InvocableHandlerMethod.java:190) [spring-web-5.2.7.RELEASE.jar:5.2.7.RELEASE]
	at org.springframework.web.method.support.InvocableHandlerMethod.invokeForRequest(InvocableHandlerMethod.java:138) [spring-web-5.2.7.RELEASE.jar:5.2.7.RELEASE]
	at org.springframework.web.servlet.mvc.method.annotation.ServletInvocableHandlerMethod.invokeAndHandle(ServletInvocableHandlerMethod.java:105) [spring-webmvc-5.2.7.RELEASE.jar:5.2.7.RELEASE]
	at org.springframework.web.servlet.mvc.method.annotation.RequestMappingHandlerAdapter.invokeHandlerMethod(RequestMappingHandlerAdapter.java:879) [spring-webmvc-5.2.7.RELEASE.jar:5.2.7.RELEASE]
	at org.springframework.web.servlet.mvc.method.annotation.RequestMappingHandlerAdapter.handleInternal(RequestMappingHandlerAdapter.java:793) [spring-webmvc-5.2.7.RELEASE.jar:5.2.7.RELEASE]
	at org.springframework.web.servlet.mvc.method.AbstractHandlerMethodAdapter.handle(AbstractHandlerMethodAdapter.java:87) [spring-webmvc-5.2.7.RELEASE.jar:5.2.7.RELEASE]
	at org.springframework.web.servlet.DispatcherServlet.doDispatch(DispatcherServlet.java:1040) [spring-webmvc-5.2.7.RELEASE.jar:5.2.7.RELEASE]
	at org.springframework.web.servlet.DispatcherServlet.doService(DispatcherServlet.java:943) [spring-webmvc-5.2.7.RELEASE.jar:5.2.7.RELEASE]
	at org.springframework.web.servlet.FrameworkServlet.processRequest(FrameworkServlet.java:1006) [spring-webmvc-5.2.7.RELEASE.jar:5.2.7.RELEASE]
	at org.springframework.web.servlet.FrameworkServlet.doGet(FrameworkServlet.java:898) [spring-webmvc-5.2.7.RELEASE.jar:5.2.7.RELEASE]
	at javax.servlet.http.HttpServlet.service(HttpServlet.java:645) [javax.servlet-api-4.0.1.jar:4.0.1]
	at org.springframework.web.servlet.FrameworkServlet.service(FrameworkServlet.java:883) [spring-webmvc-5.2.7.RELEASE.jar:5.2.7.RELEASE]
	at javax.servlet.http.HttpServlet.service(HttpServlet.java:750) [javax.servlet-api-4.0.1.jar:4.0.1]
	at io.undertow.servlet.handlers.ServletHandler.handleRequest(ServletHandler.java:74) [undertow-servlet-2.1.3.Final.jar:2.1.3.Final]
	at io.undertow.servlet.handlers.FilterHandler$FilterChainImpl.doFilter(FilterHandler.java:129) [undertow-servlet-2.1.3.Final.jar:2.1.3.Final]
	at org.springframework.security.web.FilterChainProxy$VirtualFilterChain.doFilter(FilterChainProxy.java:320) [spring-security-web-5.3.3.RELEASE.jar:5.3.3.RELEASE]
	at org.springframework.security.web.access.intercept.FilterSecurityInterceptor.invoke(FilterSecurityInterceptor.java:126) [spring-security-web-5.3.3.RELEASE.jar:5.3.3.RELEASE]
	at org.springframework.security.web.access.intercept.FilterSecurityInterceptor.doFilter(FilterSecurityInterceptor.java:90) [spring-security-web-5.3.3.RELEASE.jar:5.3.3.RELEASE]
	at org.springframework.security.web.FilterChainProxy$VirtualFilterChain.doFilter(FilterChainProxy.java:334) [spring-security-web-5.3.3.RELEASE.jar:5.3.3.RELEASE]
	at org.springframework.security.web.access.ExceptionTranslationFilter.doFilter(ExceptionTranslationFilter.java:118) [spring-security-web-5.3.3.RELEASE.jar:5.3.3.RELEASE]
	at org.springframework.security.web.FilterChainProxy$VirtualFilterChain.doFilter(FilterChainProxy.java:334) [spring-security-web-5.3.3.RELEASE.jar:5.3.3.RELEASE]
	at org.springframework.security.web.session.SessionManagementFilter.doFilter(SessionManagementFilter.java:137) [spring-security-web-5.3.3.RELEASE.jar:5.3.3.RELEASE]
	at org.springframework.security.web.FilterChainProxy$VirtualFilterChain.doFilter(FilterChainProxy.java:334) [spring-security-web-5.3.3.RELEASE.jar:5.3.3.RELEASE]
	at org.springframework.security.web.authentication.AnonymousAuthenticationFilter.doFilter(AnonymousAuthenticationFilter.java:111) [spring-security-web-5.3.3.RELEASE.jar:5.3.3.RELEASE]
	at org.springframework.security.web.FilterChainProxy$VirtualFilterChain.doFilter(FilterChainProxy.java:334) [spring-security-web-5.3.3.RELEASE.jar:5.3.3.RELEASE]
	at org.springframework.security.web.servletapi.SecurityContextHolderAwareRequestFilter.doFilter(SecurityContextHolderAwareRequestFilter.java:158) [spring-security-web-5.3.3.RELEASE.jar:5.3.3.RELEASE]
	at org.springframework.security.web.FilterChainProxy$VirtualFilterChain.doFilter(FilterChainProxy.java:334) [spring-security-web-5.3.3.RELEASE.jar:5.3.3.RELEASE]
	at org.springframework.security.web.savedrequest.RequestCacheAwareFilter.doFilter(RequestCacheAwareFilter.java:63) [spring-security-web-5.3.3.RELEASE.jar:5.3.3.RELEASE]
	at org.springframework.security.web.FilterChainProxy$VirtualFilterChain.doFilter(FilterChainProxy.java:334) [spring-security-web-5.3.3.RELEASE.jar:5.3.3.RELEASE]
	at org.springframework.security.oauth2.provider.authentication.OAuth2AuthenticationProcessingFilter.doFilter(OAuth2AuthenticationProcessingFilter.java:176) [spring-security-oauth2-2.3.6.RELEASE.jar:na]
	at org.springframework.security.web.FilterChainProxy$VirtualFilterChain.doFilter(FilterChainProxy.java:334) [spring-security-web-5.3.3.RELEASE.jar:5.3.3.RELEASE]
	at org.springframework.security.web.authentication.logout.LogoutFilter.doFilter(LogoutFilter.java:116) [spring-security-web-5.3.3.RELEASE.jar:5.3.3.RELEASE]
	at org.springframework.security.web.FilterChainProxy$VirtualFilterChain.doFilter(FilterChainProxy.java:334) [spring-security-web-5.3.3.RELEASE.jar:5.3.3.RELEASE]
	at org.springframework.security.web.header.HeaderWriterFilter.doHeadersAfter(HeaderWriterFilter.java:92) [spring-security-web-5.3.3.RELEASE.jar:5.3.3.RELEASE]
	at org.springframework.security.web.header.HeaderWriterFilter.doFilterInternal(HeaderWriterFilter.java:77) [spring-security-web-5.3.3.RELEASE.jar:5.3.3.RELEASE]
	at org.springframework.web.filter.OncePerRequestFilter.doFilter(OncePerRequestFilter.java:119) [spring-web-5.2.7.RELEASE.jar:5.2.7.RELEASE]
	at org.springframework.security.web.FilterChainProxy$VirtualFilterChain.doFilter(FilterChainProxy.java:334) [spring-security-web-5.3.3.RELEASE.jar:5.3.3.RELEASE]
	at org.springframework.security.web.context.SecurityContextPersistenceFilter.doFilter(SecurityContextPersistenceFilter.java:105) [spring-security-web-5.3.3.RELEASE.jar:5.3.3.RELEASE]
	at org.springframework.security.web.FilterChainProxy$VirtualFilterChain.doFilter(FilterChainProxy.java:334) [spring-security-web-5.3.3.RELEASE.jar:5.3.3.RELEASE]
	at org.springframework.security.web.context.request.async.WebAsyncManagerIntegrationFilter.doFilterInternal(WebAsyncManagerIntegrationFilter.java:56) [spring-security-web-5.3.3.RELEASE.jar:5.3.3.RELEASE]
	at org.springframework.web.filter.OncePerRequestFilter.doFilter(OncePerRequestFilter.java:119) [spring-web-5.2.7.RELEASE.jar:5.2.7.RELEASE]
	at org.springframework.security.web.FilterChainProxy$VirtualFilterChain.doFilter(FilterChainProxy.java:334) [spring-security-web-5.3.3.RELEASE.jar:5.3.3.RELEASE]
	at org.springframework.security.web.FilterChainProxy.doFilterInternal(FilterChainProxy.java:215) [spring-security-web-5.3.3.RELEASE.jar:5.3.3.RELEASE]
	at org.springframework.security.web.FilterChainProxy.doFilter(FilterChainProxy.java:178) [spring-security-web-5.3.3.RELEASE.jar:5.3.3.RELEASE]
	at org.springframework.web.filter.DelegatingFilterProxy.invokeDelegate(DelegatingFilterProxy.java:358) [spring-web-5.2.7.RELEASE.jar:5.2.7.RELEASE]
	at org.springframework.web.filter.DelegatingFilterProxy.doFilter(DelegatingFilterProxy.java:271) [spring-web-5.2.7.RELEASE.jar:5.2.7.RELEASE]
	at io.undertow.servlet.core.ManagedFilter.doFilter(ManagedFilter.java:61) [undertow-servlet-2.1.3.Final.jar:2.1.3.Final]
	at io.undertow.servlet.handlers.FilterHandler$FilterChainImpl.doFilter(FilterHandler.java:131) [undertow-servlet-2.1.3.Final.jar:2.1.3.Final]
	at org.springframework.web.filter.RequestContextFilter.doFilterInternal(RequestContextFilter.java:100) [spring-web-5.2.7.RELEASE.jar:5.2.7.RELEASE]
	at org.springframework.web.filter.OncePerRequestFilter.doFilter(OncePerRequestFilter.java:119) [spring-web-5.2.7.RELEASE.jar:5.2.7.RELEASE]
	at io.undertow.servlet.core.ManagedFilter.doFilter(ManagedFilter.java:61) [undertow-servlet-2.1.3.Final.jar:2.1.3.Final]
	at io.undertow.servlet.handlers.FilterHandler$FilterChainImpl.doFilter(FilterHandler.java:131) [undertow-servlet-2.1.3.Final.jar:2.1.3.Final]
	at org.springframework.web.filter.FormContentFilter.doFilterInternal(FormContentFilter.java:93) [spring-web-5.2.7.RELEASE.jar:5.2.7.RELEASE]
	at org.springframework.web.filter.OncePerRequestFilter.doFilter(OncePerRequestFilter.java:119) [spring-web-5.2.7.RELEASE.jar:5.2.7.RELEASE]
	at io.undertow.servlet.core.ManagedFilter.doFilter(ManagedFilter.java:61) [undertow-servlet-2.1.3.Final.jar:2.1.3.Final]
	at io.undertow.servlet.handlers.FilterHandler$FilterChainImpl.doFilter(FilterHandler.java:131) [undertow-servlet-2.1.3.Final.jar:2.1.3.Final]
	at org.springframework.boot.actuate.metrics.web.servlet.WebMvcMetricsFilter.doFilterInternal(WebMvcMetricsFilter.java:93) [spring-boot-actuator-2.3.1.RELEASE.jar:2.3.1.RELEASE]
	at org.springframework.web.filter.OncePerRequestFilter.doFilter(OncePerRequestFilter.java:119) [spring-web-5.2.7.RELEASE.jar:5.2.7.RELEASE]
	at io.undertow.servlet.core.ManagedFilter.doFilter(ManagedFilter.java:61) [undertow-servlet-2.1.3.Final.jar:2.1.3.Final]
	at io.undertow.servlet.handlers.FilterHandler$FilterChainImpl.doFilter(FilterHandler.java:131) [undertow-servlet-2.1.3.Final.jar:2.1.3.Final]
	at org.springframework.web.filter.CharacterEncodingFilter.doFilterInternal(CharacterEncodingFilter.java:201) [spring-web-5.2.7.RELEASE.jar:5.2.7.RELEASE]
	at org.springframework.web.filter.OncePerRequestFilter.doFilter(OncePerRequestFilter.java:119) [spring-web-5.2.7.RELEASE.jar:5.2.7.RELEASE]
	at io.undertow.servlet.core.ManagedFilter.doFilter(ManagedFilter.java:61) [undertow-servlet-2.1.3.Final.jar:2.1.3.Final]
	at io.undertow.servlet.handlers.FilterHandler$FilterChainImpl.doFilter(FilterHandler.java:131) [undertow-servlet-2.1.3.Final.jar:2.1.3.Final]
	at net.herdao.hdp.common.data.tenant.TenantContextHolderFilter.doFilter(TenantContextHolderFilter.java:60) [hdp-common-data-3.9.0.jar:na]
	at io.undertow.servlet.core.ManagedFilter.doFilter(ManagedFilter.java:61) [undertow-servlet-2.1.3.Final.jar:2.1.3.Final]
	at io.undertow.servlet.handlers.FilterHandler$FilterChainImpl.doFilter(FilterHandler.java:131) [undertow-servlet-2.1.3.Final.jar:2.1.3.Final]
	at io.undertow.servlet.handlers.FilterHandler.handleRequest(FilterHandler.java:84) [undertow-servlet-2.1.3.Final.jar:2.1.3.Final]
	at io.undertow.servlet.handlers.security.ServletSecurityRoleHandler.handleRequest(ServletSecurityRoleHandler.java:62) [undertow-servlet-2.1.3.Final.jar:2.1.3.Final]
	at io.undertow.servlet.handlers.ServletChain$1.handleRequest(ServletChain.java:68) [undertow-servlet-2.1.3.Final.jar:2.1.3.Final]
	at io.undertow.servlet.handlers.ServletDispatchingHandler.handleRequest(ServletDispatchingHandler.java:36) [undertow-servlet-2.1.3.Final.jar:2.1.3.Final]
	at io.undertow.servlet.handlers.RedirectDirHandler.handleRequest(RedirectDirHandler.java:68) [undertow-servlet-2.1.3.Final.jar:2.1.3.Final]
	at io.undertow.servlet.handlers.security.SSLInformationAssociationHandler.handleRequest(SSLInformationAssociationHandler.java:132) [undertow-servlet-2.1.3.Final.jar:2.1.3.Final]
	at io.undertow.servlet.handlers.security.ServletAuthenticationCallHandler.handleRequest(ServletAuthenticationCallHandler.java:57) [undertow-servlet-2.1.3.Final.jar:2.1.3.Final]
	at io.undertow.server.handlers.PredicateHandler.handleRequest(PredicateHandler.java:43) [undertow-core-2.1.3.Final.jar:2.1.3.Final]
	at io.undertow.security.handlers.AbstractConfidentialityHandler.handleRequest(AbstractConfidentialityHandler.java:46) [undertow-core-2.1.3.Final.jar:2.1.3.Final]
	at io.undertow.servlet.handlers.security.ServletConfidentialityConstraintHandler.handleRequest(ServletConfidentialityConstraintHandler.java:64) [undertow-servlet-2.1.3.Final.jar:2.1.3.Final]
	at io.undertow.security.handlers.AuthenticationMechanismsHandler.handleRequest(AuthenticationMechanismsHandler.java:60) [undertow-core-2.1.3.Final.jar:2.1.3.Final]
	at io.undertow.servlet.handlers.security.CachedAuthenticatedSessionHandler.handleRequest(CachedAuthenticatedSessionHandler.java:77) [undertow-servlet-2.1.3.Final.jar:2.1.3.Final]
	at io.undertow.security.handlers.AbstractSecurityContextAssociationHandler.handleRequest(AbstractSecurityContextAssociationHandler.java:43) [undertow-core-2.1.3.Final.jar:2.1.3.Final]
	at io.undertow.server.handlers.PredicateHandler.handleRequest(PredicateHandler.java:43) [undertow-core-2.1.3.Final.jar:2.1.3.Final]
	at io.undertow.server.handlers.PredicateHandler.handleRequest(PredicateHandler.java:43) [undertow-core-2.1.3.Final.jar:2.1.3.Final]
	at io.undertow.servlet.handlers.ServletInitialHandler.handleFirstRequest(ServletInitialHandler.java:269) [undertow-servlet-2.1.3.Final.jar:2.1.3.Final]
	at io.undertow.servlet.handlers.ServletInitialHandler.access$100(ServletInitialHandler.java:78) [undertow-servlet-2.1.3.Final.jar:2.1.3.Final]
	at io.undertow.servlet.handlers.ServletInitialHandler$2.call(ServletInitialHandler.java:133) [undertow-servlet-2.1.3.Final.jar:2.1.3.Final]
	at io.undertow.servlet.handlers.ServletInitialHandler$2.call(ServletInitialHandler.java:130) [undertow-servlet-2.1.3.Final.jar:2.1.3.Final]
	at io.undertow.servlet.core.ServletRequestContextThreadSetupAction$1.call(ServletRequestContextThreadSetupAction.java:48) [undertow-servlet-2.1.3.Final.jar:2.1.3.Final]
	at io.undertow.servlet.core.ContextClassLoaderSetupAction$1.call(ContextClassLoaderSetupAction.java:43) [undertow-servlet-2.1.3.Final.jar:2.1.3.Final]
	at io.undertow.servlet.handlers.ServletInitialHandler.dispatchRequest(ServletInitialHandler.java:249) [undertow-servlet-2.1.3.Final.jar:2.1.3.Final]
	at io.undertow.servlet.handlers.ServletInitialHandler.access$000(ServletInitialHandler.java:78) [undertow-servlet-2.1.3.Final.jar:2.1.3.Final]
	at io.undertow.servlet.handlers.ServletInitialHandler$1.handleRequest(ServletInitialHandler.java:99) [undertow-servlet-2.1.3.Final.jar:2.1.3.Final]
	at io.undertow.server.Connectors.executeRootHandler(Connectors.java:370) [undertow-core-2.1.3.Final.jar:2.1.3.Final]
	at io.undertow.server.HttpServerExchange$1.run(HttpServerExchange.java:830) [undertow-core-2.1.3.Final.jar:2.1.3.Final]
	at org.jboss.threads.ContextClassLoaderSavingRunnable.run(ContextClassLoaderSavingRunnable.java:35) [jboss-threads-3.1.0.Final.jar:3.1.0.Final]
	at org.jboss.threads.EnhancedQueueExecutor.safeRun(EnhancedQueueExecutor.java:2019) [jboss-threads-3.1.0.Final.jar:3.1.0.Final]
	at org.jboss.threads.EnhancedQueueExecutor$ThreadBody.doRunTask(EnhancedQueueExecutor.java:1558) [jboss-threads-3.1.0.Final.jar:3.1.0.Final]
	at org.jboss.threads.EnhancedQueueExecutor$ThreadBody.run(EnhancedQueueExecutor.java:1449) [jboss-threads-3.1.0.Final.jar:3.1.0.Final]
	at java.lang.Thread.run(Thread.java:748) [na:1.8.0_201]

2020-09-01 19:13:28.794  INFO 7820 --- [com.alibaba.nacos.client.Worker.longPolling.fixed-hdp-register_8848] c.a.n.client.config.impl.ClientWorker    : get changedGroupKeys:[]
2020-09-01 19:13:33.843  INFO 7820 --- [XNIO-1 task-1] c.netflix.config.ChainedDynamicProperty  : Flipping property: hdp-auth.ribbon.ActiveConnectionsLimit to use NEXT property: niws.loadbalancer.availabilityFilteringRule.activeConnectionsLimit = 2147483647
2020-09-01 19:13:33.858  INFO 7820 --- [XNIO-1 task-1] c.netflix.loadbalancer.BaseLoadBalancer  : Client: hdp-auth instantiated a LoadBalancer: DynamicServerListLoadBalancer:{NFLoadBalancer:name=hdp-auth,current list of Servers=[],Load balancer stats=Zone stats: {},Server stats: []}ServerList:null
2020-09-01 19:13:33.863  INFO 7820 --- [XNIO-1 task-1] c.n.l.DynamicServerListLoadBalancer      : Using serverListUpdater PollingServerListUpdater
2020-09-01 19:13:33.883  INFO 7820 --- [XNIO-1 task-1] com.alibaba.nacos.client.naming          : new ips(1) service: DEFAULT_GROUP@@hdp-auth -> [{"clusterName":"DEFAULT","enabled":true,"ephemeral":true,"healthy":true,"instanceHeartBeatInterval":5000,"instanceHeartBeatTimeOut":15000,"instanceId":"10.1.69.173#3000#DEFAULT#DEFAULT_GROUP@@hdp-auth","ip":"10.1.69.173","ipDeleteTimeout":30000,"metadata":{"preserved.register.source":"SPRING_CLOUD"},"port":3000,"serviceName":"DEFAULT_GROUP@@hdp-auth","weight":1.0}]
2020-09-01 19:13:33.888  INFO 7820 --- [XNIO-1 task-1] com.alibaba.nacos.client.naming          : current ips:(1) service: DEFAULT_GROUP@@hdp-auth -> [{"clusterName":"DEFAULT","enabled":true,"ephemeral":true,"healthy":true,"instanceHeartBeatInterval":5000,"instanceHeartBeatTimeOut":15000,"instanceId":"10.1.69.173#3000#DEFAULT#DEFAULT_GROUP@@hdp-auth","ip":"10.1.69.173","ipDeleteTimeout":30000,"metadata":{"preserved.register.source":"SPRING_CLOUD"},"port":3000,"serviceName":"DEFAULT_GROUP@@hdp-auth","weight":1.0}]
2020-09-01 19:13:33.901  INFO 7820 --- [XNIO-1 task-1] c.netflix.config.ChainedDynamicProperty  : Flipping property: hdp-auth.ribbon.ActiveConnectionsLimit to use NEXT property: niws.loadbalancer.availabilityFilteringRule.activeConnectionsLimit = 2147483647
2020-09-01 19:13:33.902  INFO 7820 --- [XNIO-1 task-1] c.n.l.DynamicServerListLoadBalancer      : DynamicServerListLoadBalancer for client hdp-auth initialized: DynamicServerListLoadBalancer:{NFLoadBalancer:name=hdp-auth,current list of Servers=[10.1.69.173:3000],Load balancer stats=Zone stats: {unknown=[Zone:unknown;	Instance count:1;	Active connections count: 0;	Circuit breaker tripped count: 0;	Active connections per server: 0.0;]
},Server stats: [[Server:10.1.69.173:3000;	Zone:UNKNOWN;	Total Requests:0;	Successive connection failure:0;	Total blackout seconds:0;	Last connection made:Thu Jan 01 08:00:00 CST 1970;	First connection made: Thu Jan 01 08:00:00 CST 1970;	Active Connections:0;	total failure count in last (1000) msecs:0;	average resp time:0.0;	90 percentile resp time:0.0;	95 percentile resp time:0.0;	min resp time:0.0;	max resp time:0.0;	stddev resp time:0.0]
]}ServerList:com.alibaba.cloud.nacos.ribbon.NacosServerList@23ef2557
2020-09-01 19:13:34.867  INFO 7820 --- [PollingServerListUpdater-0] c.netflix.config.ChainedDynamicProperty  : Flipping property: hdp-auth.ribbon.ActiveConnectionsLimit to use NEXT property: niws.loadbalancer.availabilityFilteringRule.activeConnectionsLimit = 2147483647
2020-09-01 19:13:58.298  INFO 7820 --- [com.alibaba.nacos.client.Worker.longPolling.fixed-hdp-register_8848] c.a.n.client.config.impl.ClientWorker    : get changedGroupKeys:[]
2020-09-01 19:14:27.802  INFO 7820 --- [com.alibaba.nacos.client.Worker.longPolling.fixed-hdp-register_8848] c.a.n.client.config.impl.ClientWorker    : get changedGroupKeys:[]
2020-09-01 19:14:57.307  INFO 7820 --- [com.alibaba.nacos.client.Worker.longPolling.fixed-hdp-register_8848] c.a.n.client.config.impl.ClientWorker    : get changedGroupKeys:[]
2020-09-01 19:15:26.811  INFO 7820 --- [com.alibaba.nacos.client.Worker.longPolling.fixed-hdp-register_8848] c.a.n.client.config.impl.ClientWorker    : get changedGroupKeys:[]
2020-09-01 19:15:56.312  INFO 7820 --- [com.alibaba.nacos.client.Worker.longPolling.fixed-hdp-register_8848] c.a.n.client.config.impl.ClientWorker    : get changedGroupKeys:[]
2020-09-01 19:16:25.814  INFO 7820 --- [com.alibaba.nacos.client.Worker.longPolling.fixed-hdp-register_8848] c.a.n.client.config.impl.ClientWorker    : get changedGroupKeys:[]
2020-09-01 19:16:55.318  INFO 7820 --- [com.alibaba.nacos.client.Worker.longPolling.fixed-hdp-register_8848] c.a.n.client.config.impl.ClientWorker    : get changedGroupKeys:[]
2020-09-01 19:17:24.824  INFO 7820 --- [com.alibaba.nacos.client.Worker.longPolling.fixed-hdp-register_8848] c.a.n.client.config.impl.ClientWorker    : get changedGroupKeys:[]
2020-09-01 19:17:54.329  INFO 7820 --- [com.alibaba.nacos.client.Worker.longPolling.fixed-hdp-register_8848] c.a.n.client.config.impl.ClientWorker    : get changedGroupKeys:[]
2020-09-01 19:18:23.832  INFO 7820 --- [com.alibaba.nacos.client.Worker.longPolling.fixed-hdp-register_8848] c.a.n.client.config.impl.ClientWorker    : get changedGroupKeys:[]
2020-09-01 19:18:53.337  INFO 7820 --- [com.alibaba.nacos.client.Worker.longPolling.fixed-hdp-register_8848] c.a.n.client.config.impl.ClientWorker    : get changedGroupKeys:[]
2020-09-01 19:19:22.843  INFO 7820 --- [com.alibaba.nacos.client.Worker.longPolling.fixed-hdp-register_8848] c.a.n.client.config.impl.ClientWorker    : get changedGroupKeys:[]
2020-09-01 19:19:52.344  INFO 7820 --- [com.alibaba.nacos.client.Worker.longPolling.fixed-hdp-register_8848] c.a.n.client.config.impl.ClientWorker    : get changedGroupKeys:[]
2020-09-01 19:20:21.846  INFO 7820 --- [com.alibaba.nacos.client.Worker.longPolling.fixed-hdp-register_8848] c.a.n.client.config.impl.ClientWorker    : get changedGroupKeys:[]
2020-09-01 19:20:51.351  INFO 7820 --- [com.alibaba.nacos.client.Worker.longPolling.fixed-hdp-register_8848] c.a.n.client.config.impl.ClientWorker    : get changedGroupKeys:[]
2020-09-01 19:21:20.855  INFO 7820 --- [com.alibaba.nacos.client.Worker.longPolling.fixed-hdp-register_8848] c.a.n.client.config.impl.ClientWorker    : get changedGroupKeys:[]
2020-09-01 19:21:50.355  INFO 7820 --- [com.alibaba.nacos.client.Worker.longPolling.fixed-hdp-register_8848] c.a.n.client.config.impl.ClientWorker    : get changedGroupKeys:[]
2020-09-01 19:22:21.127  INFO 7820 --- [com.alibaba.nacos.client.Worker.longPolling.fixed-hdp-register_8848] c.a.n.client.config.impl.ClientWorker    : get changedGroupKeys:[]
2020-09-01 19:22:50.781  INFO 7820 --- [com.alibaba.nacos.client.Worker.longPolling.fixed-hdp-register_8848] c.a.n.client.config.impl.ClientWorker    : get changedGroupKeys:[]
2020-09-01 19:23:20.286  INFO 7820 --- [com.alibaba.nacos.client.Worker.longPolling.fixed-hdp-register_8848] c.a.n.client.config.impl.ClientWorker    : get changedGroupKeys:[]
2020-09-01 19:23:49.790  INFO 7820 --- [com.alibaba.nacos.client.Worker.longPolling.fixed-hdp-register_8848] c.a.n.client.config.impl.ClientWorker    : get changedGroupKeys:[]
2020-09-01 19:24:19.295  INFO 7820 --- [com.alibaba.nacos.client.Worker.longPolling.fixed-hdp-register_8848] c.a.n.client.config.impl.ClientWorker    : get changedGroupKeys:[]
2020-09-01 19:24:48.799  INFO 7820 --- [com.alibaba.nacos.client.Worker.longPolling.fixed-hdp-register_8848] c.a.n.client.config.impl.ClientWorker    : get changedGroupKeys:[]
2020-09-01 19:25:18.303  INFO 7820 --- [com.alibaba.nacos.client.Worker.longPolling.fixed-hdp-register_8848] c.a.n.client.config.impl.ClientWorker    : get changedGroupKeys:[]
2020-09-01 19:25:47.808  INFO 7820 --- [com.alibaba.nacos.client.Worker.longPolling.fixed-hdp-register_8848] c.a.n.client.config.impl.ClientWorker    : get changedGroupKeys:[]
2020-09-01 19:26:17.312  INFO 7820 --- [com.alibaba.nacos.client.Worker.longPolling.fixed-hdp-register_8848] c.a.n.client.config.impl.ClientWorker    : get changedGroupKeys:[]
2020-09-01 19:26:46.816  INFO 7820 --- [com.alibaba.nacos.client.Worker.longPolling.fixed-hdp-register_8848] c.a.n.client.config.impl.ClientWorker    : get changedGroupKeys:[]
